{
  "stats": {
    "suites": 20,
    "tests": 56,
    "passes": 56,
    "pending": 0,
    "failures": 0,
    "testsRegistered": 56,
    "passPercent": 100,
    "pendingPercent": 0,
    "other": 0,
    "hasOther": false,
    "skipped": 0,
    "hasSkipped": false,
    "start": "2024-03-01T16:19:47.637Z",
    "end": "2024-03-01T16:20:54.572Z",
    "duration": 66935
  },
  "results": [
    {
      "uuid": "ad907122-9f12-48c4-b481-a1a6748ca26d",
      "title": "",
      "fullFile": "cypress\\e2e\\AutomationTestStore\\alias-invoke.js",
      "file": "cypress\\e2e\\AutomationTestStore\\alias-invoke.js",
      "beforeHooks": [],
      "afterHooks": [],
      "tests": [],
      "suites": [
        {
          "uuid": "1e70490b-2c06-4f0f-b0bc-ef7781ee1788",
          "title": "Alias and invoke",
          "fullFile": "",
          "file": "",
          "beforeHooks": [],
          "afterHooks": [],
          "tests": [
            {
              "title": "Validate a specific hair care product ",
              "fullTitle": "Alias and invoke Validate a specific hair care product ",
              "timedOut": null,
              "duration": 932,
              "state": "passed",
              "speed": "fast",
              "pass": true,
              "fail": false,
              "pending": false,
              "context": null,
              "code": "cy.visit(\"https://automationteststore.com/\");\ncy.get(\"a[href*='product/category&path=']\").contains(\"Hair Care\").click();\ncy.get(\".fixed_wrapper .prdocutname\").eq(0).invoke(\"text\").as(\"productThumbnail\");\ncy.get(\"@productThumbnail\").its(\"length\").should(\"be.gt\", 5);\ncy.get(\"@productThumbnail\").should(\"include\", \"Seaweed Conditioner\");",
              "err": {},
              "uuid": "13dd41e1-c639-4c0f-a19c-ac35ca66bbba",
              "parentUUID": "1e70490b-2c06-4f0f-b0bc-ef7781ee1788",
              "isHook": false,
              "skipped": false
            },
            {
              "title": "Validate product thumbnail",
              "fullTitle": "Alias and invoke Validate product thumbnail",
              "timedOut": null,
              "duration": 250,
              "state": "passed",
              "speed": "fast",
              "pass": true,
              "fail": false,
              "pending": false,
              "context": null,
              "code": "cy.visit(\"https://automationteststore.com/\");\ncy.get(\".thumbnail\").as(\"productThumbnail\");\ncy.get(\"@productThumbnail\").should(\"have.length\", 16);\ncy.get(\"@productThumbnail\").find(\".productcart\").invoke(\"attr\", \"title\").should(\"include\", \"Add to Cart\");",
              "err": {},
              "uuid": "c67babd4-428f-4074-afb7-78ce5fabbc48",
              "parentUUID": "1e70490b-2c06-4f0f-b0bc-ef7781ee1788",
              "isHook": false,
              "skipped": false
            },
            {
              "title": "Calculate of normal and sale product",
              "fullTitle": "Alias and invoke Calculate of normal and sale product",
              "timedOut": null,
              "duration": 425,
              "state": "passed",
              "speed": "fast",
              "pass": true,
              "fail": false,
              "pending": false,
              "context": null,
              "code": "cy.visit(\"https://automationteststore.com/\");\ncy.get(\".thumbnail\").as(\"productThumbnail\");\n// cy.get(\"@productThumbnail\").find('.oneprice').each(($el, index, $list) => {\n//    cy.log($el.text()) //logging all product price\ncy.get('.thumbnail').find('.oneprice').invoke('text').as('itemPrice');\ncy.get('.thumbnail').find('.pricenew').invoke('text').as('saleItemPrice');\nvar itemsTotal = 0;\ncy.get('@itemPrice').then($linkText => {\n  var itemsPriceTotal = 0;\n  var itemPrice = $linkText.split('$'); // so whenever there is dollar mark it will split the price form normal and sale \n  var i;\n  for (i = 0; i < itemPrice.length; i++) {\n    //LOOP\n    cy.log(itemPrice[i]); //Non sale items\n    itemsPriceTotal += Number(itemPrice[i]); //it converts it to a number \n  }\n  itemsTotal += itemsPriceTotal;\n  cy.log(\"Non sale price items total: \" + itemsPriceTotal);\n});\ncy.get('@saleItemPrice').then($linkText => {\n  var saleItemsPrice = 0;\n  var saleItemPrice = $linkText.split('$');\n  var i;\n  for (i = 0; i < saleItemPrice.length; i++) {\n    cy.log(saleItemPrice[i]);\n    saleItemsPrice += Number(saleItemPrice[i]);\n  }\n  itemsTotal += saleItemsPrice;\n  cy.log(\"Sale price items total: \" + saleItemsPrice);\n}).then(() => {\n  cy.log(\"The total price of all products: \" + itemsTotal);\n  expect(itemsTotal).to.equal(660.5);\n});",
              "err": {},
              "uuid": "3a23d02e-5f06-42cd-aa53-15658efd7e80",
              "parentUUID": "1e70490b-2c06-4f0f-b0bc-ef7781ee1788",
              "isHook": false,
              "skipped": false
            }
          ],
          "suites": [],
          "passes": [
            "13dd41e1-c639-4c0f-a19c-ac35ca66bbba",
            "c67babd4-428f-4074-afb7-78ce5fabbc48",
            "3a23d02e-5f06-42cd-aa53-15658efd7e80"
          ],
          "failures": [],
          "pending": [],
          "skipped": [],
          "duration": 1607,
          "root": false,
          "rootEmpty": false,
          "_timeout": 2000
        }
      ],
      "passes": [],
      "failures": [],
      "pending": [],
      "skipped": [],
      "duration": 0,
      "root": true,
      "rootEmpty": true,
      "_timeout": 2000
    },
    {
      "uuid": "d258d497-80a4-4259-b692-77124a2b0ee3",
      "title": "",
      "fullFile": "cypress\\e2e\\AutomationTestStore\\contact-us.js",
      "file": "cypress\\e2e\\AutomationTestStore\\contact-us.js",
      "beforeHooks": [],
      "afterHooks": [],
      "tests": [],
      "suites": [
        {
          "uuid": "2d2af6db-3b82-4228-8773-e618b028d060",
          "title": "Test Contact Us Form via Automation Test Store ",
          "fullFile": "",
          "file": "",
          "beforeHooks": [],
          "afterHooks": [],
          "tests": [
            {
              "title": "Should be able to submit a successful sumission via contact form us form ",
              "fullTitle": "Test Contact Us Form via Automation Test Store  Should be able to submit a successful sumission via contact form us form ",
              "timedOut": null,
              "duration": 2935,
              "state": "passed",
              "speed": "fast",
              "pass": true,
              "fail": false,
              "pending": false,
              "context": null,
              "code": "cy.visit(\"https://automationteststore.com/\");\ncy.get(\".info_links_footer > li > a\").contains('Contact Us').click().then(function (linkText) {\n  cy.log(\"Clicked on link using text : \" + linkText.text());\n});\ncy.get(\"#ContactUsFrm_first_name\").type(\"Arthas\");\ncy.get(\"#ContactUsFrm_email\").type(\"arthas.menethil@azeroth.com\");\ncy.get(\"#ContactUsFrm_email\").should('have.attr', 'name', 'email');\ncy.get(\"#ContactUsFrm_enquiry\").type(\"Frostmourne sword\");\ncy.get('.col-md-6 > .btn').click();\ncy.get(\".mb40 > p:nth-of-type(2)\").should('have.text', \"Your enquiry has been successfully sent to the store owner!\");\ncy.log(\"Test has been completed\");\n// cy.get(\".mb40 > .btn\").click();",
              "err": {},
              "uuid": "a5801fdc-206c-42e6-bc9d-6ccb7f9b6276",
              "parentUUID": "2d2af6db-3b82-4228-8773-e618b028d060",
              "isHook": false,
              "skipped": false
            }
          ],
          "suites": [],
          "passes": [
            "a5801fdc-206c-42e6-bc9d-6ccb7f9b6276"
          ],
          "failures": [],
          "pending": [],
          "skipped": [],
          "duration": 2935,
          "root": false,
          "rootEmpty": false,
          "_timeout": 2000
        }
      ],
      "passes": [],
      "failures": [],
      "pending": [],
      "skipped": [],
      "duration": 0,
      "root": true,
      "rootEmpty": true,
      "_timeout": 2000
    },
    {
      "uuid": "be8aa12d-7911-4f42-a726-ffefd3027e2d",
      "title": "",
      "fullFile": "cypress\\e2e\\AutomationTestStore\\inspect-items.js",
      "file": "cypress\\e2e\\AutomationTestStore\\inspect-items.js",
      "beforeHooks": [],
      "afterHooks": [],
      "tests": [],
      "suites": [
        {
          "uuid": "4467ef11-51b3-4a02-9f80-776af9d7c5ed",
          "title": "Inspect automation test store items using chain of commands ",
          "fullFile": "",
          "file": "",
          "beforeHooks": [],
          "afterHooks": [],
          "tests": [
            {
              "title": "Click on the first item using item header",
              "fullTitle": "Inspect automation test store items using chain of commands  Click on the first item using item header",
              "timedOut": null,
              "duration": 1019,
              "state": "passed",
              "speed": "fast",
              "pass": true,
              "fail": false,
              "pending": false,
              "context": null,
              "code": "cy.visit(\"https://automationteststore.com/\");\ncy.get('#block_frame_featured_1769 > .thumbnails > :nth-child(1) > .fixed_wrapper > .fixed > .prdocutname').click();",
              "err": {},
              "uuid": "1733635e-50b6-43e7-8481-ffa5ca5e58ae",
              "parentUUID": "4467ef11-51b3-4a02-9f80-776af9d7c5ed",
              "isHook": false,
              "skipped": false
            },
            {
              "title": "Click on the first item using item text",
              "fullTitle": "Inspect automation test store items using chain of commands  Click on the first item using item text",
              "timedOut": null,
              "duration": 768,
              "state": "passed",
              "speed": "fast",
              "pass": true,
              "fail": false,
              "pending": false,
              "context": null,
              "code": "cy.visit(\"https://automationteststore.com/\");\ncy.get('.prdocutname').contains('Skinsheen Bronzer Stick').click().then(function (itemHeaderText) {\n  console.log(\"Selected the following item: \" + itemHeaderText.text());\n});",
              "err": {},
              "uuid": "5f5df221-7ed6-4d7d-86f4-fedecec6b449",
              "parentUUID": "4467ef11-51b3-4a02-9f80-776af9d7c5ed",
              "isHook": false,
              "skipped": false
            },
            {
              "title": "Click on the first item using index",
              "fullTitle": "Inspect automation test store items using chain of commands  Click on the first item using index",
              "timedOut": null,
              "duration": 747,
              "state": "passed",
              "speed": "fast",
              "pass": true,
              "fail": false,
              "pending": false,
              "context": null,
              "code": "cy.visit(\"https://automationteststore.com/\");\ncy.get('.fixed_wrapper').find('.prdocutname').eq(0).click();",
              "err": {},
              "uuid": "c31ffc01-d192-4dfc-a6b5-61c920bcc00c",
              "parentUUID": "4467ef11-51b3-4a02-9f80-776af9d7c5ed",
              "isHook": false,
              "skipped": false
            }
          ],
          "suites": [],
          "passes": [
            "1733635e-50b6-43e7-8481-ffa5ca5e58ae",
            "5f5df221-7ed6-4d7d-86f4-fedecec6b449",
            "c31ffc01-d192-4dfc-a6b5-61c920bcc00c"
          ],
          "failures": [],
          "pending": [],
          "skipped": [],
          "duration": 2534,
          "root": false,
          "rootEmpty": false,
          "_timeout": 2000
        }
      ],
      "passes": [],
      "failures": [],
      "pending": [],
      "skipped": [],
      "duration": 0,
      "root": true,
      "rootEmpty": true,
      "_timeout": 2000
    },
    {
      "uuid": "1bb2574d-4026-4c7f-99fa-995bdb49fe00",
      "title": "",
      "fullFile": "cypress\\e2e\\AutomationTestStore\\iterate-over-elements.js",
      "file": "cypress\\e2e\\AutomationTestStore\\iterate-over-elements.js",
      "beforeHooks": [],
      "afterHooks": [],
      "tests": [],
      "suites": [
        {
          "uuid": "711a4c6a-6e11-404e-bce2-ccc6e014f10a",
          "title": "Iterate over element ",
          "fullFile": "",
          "file": "",
          "beforeHooks": [],
          "afterHooks": [],
          "tests": [
            {
              "title": "Log information of all hair care products ",
              "fullTitle": "Iterate over element  Log information of all hair care products ",
              "timedOut": null,
              "duration": 904,
              "state": "passed",
              "speed": "fast",
              "pass": true,
              "fail": false,
              "pending": false,
              "context": null,
              "code": "cy.get(\".fixed_wrapper .prdocutname\").each(($el, index, $list) => {\n  cy.log(\"Index:\" + index + \" : \" + $el.text());\n});",
              "err": {},
              "uuid": "220e0203-eb32-49e4-863e-56d04b00a369",
              "parentUUID": "711a4c6a-6e11-404e-bce2-ccc6e014f10a",
              "isHook": false,
              "skipped": false
            },
            {
              "title": "Add specific product to basket",
              "fullTitle": "Iterate over element  Add specific product to basket",
              "timedOut": null,
              "duration": 690,
              "state": "passed",
              "speed": "fast",
              "pass": true,
              "fail": false,
              "pending": false,
              "context": null,
              "code": "//    cy.get('.fixed_wrapper .prdocutname').each(($el, index, $list)=> {\n//     if($el.text().includes('Curls to straight Shampoo')) {\n//         cy.wrap($el).click()\n//     }\n// })\ncy.selectProduct(\"Curls to straight Shampoo\");",
              "err": {},
              "uuid": "b65fcee8-ec5d-404a-8929-e82e4c5348b7",
              "parentUUID": "711a4c6a-6e11-404e-bce2-ccc6e014f10a",
              "isHook": false,
              "skipped": false
            },
            {
              "title": "Add another specific product to basket2",
              "fullTitle": "Iterate over element  Add another specific product to basket2",
              "timedOut": null,
              "duration": 759,
              "state": "passed",
              "speed": "fast",
              "pass": true,
              "fail": false,
              "pending": false,
              "context": null,
              "code": "cy.selectProduct(\"Seaweed Conditioner\");",
              "err": {},
              "uuid": "3f25c645-5269-4a22-a678-02ba27796f09",
              "parentUUID": "711a4c6a-6e11-404e-bce2-ccc6e014f10a",
              "isHook": false,
              "skipped": false
            },
            {
              "title": "Add another specific product to basket3",
              "fullTitle": "Iterate over element  Add another specific product to basket3",
              "timedOut": null,
              "duration": 1105,
              "state": "passed",
              "speed": "fast",
              "pass": true,
              "fail": false,
              "pending": false,
              "context": null,
              "code": "cy.selectProduct(\"Eau Parfumee au The Vert Shampoo\");",
              "err": {},
              "uuid": "679bf703-d766-4acb-9373-636e80322227",
              "parentUUID": "711a4c6a-6e11-404e-bce2-ccc6e014f10a",
              "isHook": false,
              "skipped": false
            }
          ],
          "suites": [],
          "passes": [
            "220e0203-eb32-49e4-863e-56d04b00a369",
            "b65fcee8-ec5d-404a-8929-e82e4c5348b7",
            "3f25c645-5269-4a22-a678-02ba27796f09",
            "679bf703-d766-4acb-9373-636e80322227"
          ],
          "failures": [],
          "pending": [],
          "skipped": [],
          "duration": 3458,
          "root": false,
          "rootEmpty": false,
          "_timeout": 2000
        }
      ],
      "passes": [],
      "failures": [],
      "pending": [],
      "skipped": [],
      "duration": 0,
      "root": true,
      "rootEmpty": true,
      "_timeout": 2000
    },
    {
      "uuid": "410d01f1-18cc-4a45-a280-af61fc0323c9",
      "title": "",
      "fullFile": "cypress\\e2e\\AutomationTestStore\\variables-and-cy-commands.js",
      "file": "cypress\\e2e\\AutomationTestStore\\variables-and-cy-commands.js",
      "beforeHooks": [],
      "afterHooks": [],
      "tests": [],
      "suites": [
        {
          "uuid": "e5273497-6f7f-4518-adf2-85b569baa3bb",
          "title": "Verify variables , cypress commands and jquery commands ",
          "fullFile": "",
          "file": "",
          "beforeHooks": [],
          "afterHooks": [],
          "tests": [
            {
              "title": "Navigate to specific product pages ",
              "fullTitle": "Verify variables , cypress commands and jquery commands  Navigate to specific product pages ",
              "timedOut": null,
              "duration": 1534,
              "state": "passed",
              "speed": "fast",
              "pass": true,
              "fail": false,
              "pending": false,
              "context": null,
              "code": "cy.visit(\"https://automationteststore.com/\");\ncy.get(\"a[href*='product/category&path=']\").contains(\"Makeup\").click();\ncy.get(\"a[href*='product/category&path=']\").contains(\"Skincare\").click();",
              "err": {},
              "uuid": "527e12e8-9423-4c43-bfc1-f0fb4d96e9e1",
              "parentUUID": "e5273497-6f7f-4518-adf2-85b569baa3bb",
              "isHook": false,
              "skipped": false
            },
            {
              "title": "Navigate to specific product pages ",
              "fullTitle": "Verify variables , cypress commands and jquery commands  Navigate to specific product pages ",
              "timedOut": null,
              "duration": 582,
              "state": "passed",
              "speed": "fast",
              "pass": true,
              "fail": false,
              "pending": false,
              "context": null,
              "code": "cy.visit(\"https://automationteststore.com/\");\ncy.get(\"a[href*='product/category&path=']\").contains(\"Makeup\").click();\ncy.get(\"h1 .maintext\").then($headerText => {\n  const headerText = $headerText.text();\n  cy.log(\"Found header text:\" + headerText);\n  expect(headerText).is.eq(\"Makeup\");\n});\nit(\"Validate properties of the Contact Us Page\");\ncy.visit(\"https://automationteststore.com/index.php?rt=content/contact\");\n//Uses cypress commands and chaining\ncy.contains('#ContactUsFrm', 'Contact Us Form').find('#field_11').should('contain', 'First name');\n//JQuery Approach\ncy.contains('#ContactUsFrm', 'Contact Us Form').then(text => {\n  const firstNameText = text.find('#field_11').text();\n  expect(firstNameText).to.contain('First name');\n  //Embedded commands (Closure)\n  cy.get('#field_11').then(fnText => {\n    cy.log(fnText.text());\n    cy.log(fnText);\n  });\n});",
              "err": {},
              "uuid": "daf72b50-5683-45b2-afbc-22d58f1b09ab",
              "parentUUID": "e5273497-6f7f-4518-adf2-85b569baa3bb",
              "isHook": false,
              "skipped": false
            }
          ],
          "suites": [],
          "passes": [
            "527e12e8-9423-4c43-bfc1-f0fb4d96e9e1",
            "daf72b50-5683-45b2-afbc-22d58f1b09ab"
          ],
          "failures": [],
          "pending": [],
          "skipped": [],
          "duration": 2116,
          "root": false,
          "rootEmpty": false,
          "_timeout": 2000
        }
      ],
      "passes": [],
      "failures": [],
      "pending": [],
      "skipped": [],
      "duration": 0,
      "root": true,
      "rootEmpty": true,
      "_timeout": 2000
    },
    {
      "uuid": "35b49c23-ca96-4533-b651-3e02442c017c",
      "title": "",
      "fullFile": "cypress\\e2e\\Webdriver\\autocomplete-dropdown-list.js",
      "file": "cypress\\e2e\\Webdriver\\autocomplete-dropdown-list.js",
      "beforeHooks": [],
      "afterHooks": [],
      "tests": [],
      "suites": [
        {
          "uuid": "b7ca2651-f087-4742-a576-22cf28f9f043",
          "title": "Verify autocomplete dropdownlist via webdriveruni ",
          "fullFile": "",
          "file": "",
          "beforeHooks": [],
          "afterHooks": [],
          "tests": [
            {
              "title": "Select specific product via autocomplete list",
              "fullTitle": "Verify autocomplete dropdownlist via webdriveruni  Select specific product via autocomplete list",
              "timedOut": null,
              "duration": 2066,
              "state": "passed",
              "speed": "fast",
              "pass": true,
              "fail": false,
              "pending": false,
              "context": null,
              "code": "cy.get('#myInput').type('A');\ncy.get('#myInputautocomplete-list > *').each(($el, index, $list) => {\n  const prod = $el.text();\n  const productToSelect = 'Avacado';\n  if (prod === productToSelect) {\n    //$el.click();\n    $el.trigger(\"click\");\n    cy.get('#submit-button').click();\n    cy.url().should('include', productToSelect);\n  }\n}).then(() => {\n  cy.get('#myInput').type('g');\n  cy.get('#myInputautocomplete-list > *').each(($el, index, $list) => {\n    const prod = $el.text();\n    const productToSelect = 'Grapes';\n    if (prod === productToSelect) {\n      //$el.click();\n      $el.trigger(\"click\");\n      cy.get('#submit-button').click();\n      cy.url().should('include', productToSelect);\n    }\n  });\n});",
              "err": {},
              "uuid": "214a1ed7-1e0a-43ae-aff3-4754914119db",
              "parentUUID": "b7ca2651-f087-4742-a576-22cf28f9f043",
              "isHook": false,
              "skipped": false
            }
          ],
          "suites": [],
          "passes": [
            "214a1ed7-1e0a-43ae-aff3-4754914119db"
          ],
          "failures": [],
          "pending": [],
          "skipped": [],
          "duration": 2066,
          "root": false,
          "rootEmpty": false,
          "_timeout": 2000
        }
      ],
      "passes": [],
      "failures": [],
      "pending": [],
      "skipped": [],
      "duration": 0,
      "root": true,
      "rootEmpty": true,
      "_timeout": 2000
    },
    {
      "uuid": "48f79b02-9792-4bd3-8292-b06de27b8e1c",
      "title": "",
      "fullFile": "cypress\\e2e\\Webdriver\\browser-navigation.js",
      "file": "cypress\\e2e\\Webdriver\\browser-navigation.js",
      "beforeHooks": [],
      "afterHooks": [],
      "tests": [],
      "suites": [
        {
          "uuid": "c1ab47fd-2b89-4d6f-abad-452da88c601c",
          "title": "Validate webdriveruni homepage lins ",
          "fullFile": "",
          "file": "",
          "beforeHooks": [],
          "afterHooks": [],
          "tests": [
            {
              "title": "Confirm links redirest to correct pages ",
              "fullTitle": "Validate webdriveruni homepage lins  Confirm links redirest to correct pages ",
              "timedOut": null,
              "duration": 3540,
              "state": "passed",
              "speed": "fast",
              "pass": true,
              "fail": false,
              "pending": false,
              "context": null,
              "code": "cy.url().should('include', 'contactus');\ncy.go('back');\ncy.reload();\ncy.url().should('include', \"/\");\n// cy.reload(true)    //reload without cashe\ncy.go('forward');\ncy.url().should('include', 'contactus');\ncy.go('back');\ncy.get(\"#login-portal\").invoke(\"removeAttr\", \"target\").click({\n  force: true\n});\ncy.url().should('include', 'Login-Portal');\ncy.go('back');\ncy.get('#to-do-list').invoke(\"removeAttr\", \"target\").click({\n  force: true\n});\ncy.url().should('include', 'To-Do-List');",
              "err": {},
              "uuid": "deb86995-a3d9-436f-be82-5b2b4d76edcd",
              "parentUUID": "c1ab47fd-2b89-4d6f-abad-452da88c601c",
              "isHook": false,
              "skipped": false
            }
          ],
          "suites": [],
          "passes": [
            "deb86995-a3d9-436f-be82-5b2b4d76edcd"
          ],
          "failures": [],
          "pending": [],
          "skipped": [],
          "duration": 3540,
          "root": false,
          "rootEmpty": false,
          "_timeout": 2000
        }
      ],
      "passes": [],
      "failures": [],
      "pending": [],
      "skipped": [],
      "duration": 0,
      "root": true,
      "rootEmpty": true,
      "_timeout": 2000
    },
    {
      "uuid": "9636d547-eb31-46c4-9eab-20bd194c3e62",
      "title": "",
      "fullFile": "cypress\\e2e\\Webdriver\\checkboxes.js",
      "file": "cypress\\e2e\\Webdriver\\checkboxes.js",
      "beforeHooks": [],
      "afterHooks": [],
      "tests": [],
      "suites": [
        {
          "uuid": "93858e2a-72c8-4a0c-9474-84664e99226d",
          "title": "Verify checkboxes ",
          "fullFile": "",
          "file": "",
          "beforeHooks": [],
          "afterHooks": [],
          "tests": [
            {
              "title": "Check and validate checkboxes ",
              "fullTitle": "Verify checkboxes  Check and validate checkboxes ",
              "timedOut": null,
              "duration": 387,
              "state": "passed",
              "speed": "fast",
              "pass": true,
              "fail": false,
              "pending": false,
              "context": null,
              "code": "// cy.get('#checkboxes > :nth-child(1) > input').check()\n// cy.get('#checkboxes > :nth-child(1) > input').check().should('be.checked') //or not.be.checked, depends\ncy.get('#checkboxes > :nth-child(1) > input').as('option-1');\ncy.get('@option-1').check().should('be.checked');",
              "err": {},
              "uuid": "2abbf686-5670-42d1-a9ae-24cc27bcb5b5",
              "parentUUID": "93858e2a-72c8-4a0c-9474-84664e99226d",
              "isHook": false,
              "skipped": false
            },
            {
              "title": "UnCheck and validate checkboxes ",
              "fullTitle": "Verify checkboxes  UnCheck and validate checkboxes ",
              "timedOut": null,
              "duration": 234,
              "state": "passed",
              "speed": "fast",
              "pass": true,
              "fail": false,
              "pending": false,
              "context": null,
              "code": "cy.get(' :nth-child(5) > input').as('option-3');\ncy.get('@option-3').uncheck().should('not.be.checked');",
              "err": {},
              "uuid": "e32ee61a-5df7-42f6-9678-34b1db0849e2",
              "parentUUID": "93858e2a-72c8-4a0c-9474-84664e99226d",
              "isHook": false,
              "skipped": false
            },
            {
              "title": "Check and validate mutiple checkboxes ",
              "fullTitle": "Verify checkboxes  Check and validate mutiple checkboxes ",
              "timedOut": null,
              "duration": 196,
              "state": "passed",
              "speed": "fast",
              "pass": true,
              "fail": false,
              "pending": false,
              "context": null,
              "code": "cy.get(' input[type=\"checkbox\"]').check(\"option-1\", \"option-2\", \"option-3\", \"option-4\");",
              "err": {},
              "uuid": "763232c3-f537-4cb4-a173-f47cdb90269b",
              "parentUUID": "93858e2a-72c8-4a0c-9474-84664e99226d",
              "isHook": false,
              "skipped": false
            }
          ],
          "suites": [],
          "passes": [
            "2abbf686-5670-42d1-a9ae-24cc27bcb5b5",
            "e32ee61a-5df7-42f6-9678-34b1db0849e2",
            "763232c3-f537-4cb4-a173-f47cdb90269b"
          ],
          "failures": [],
          "pending": [],
          "skipped": [],
          "duration": 817,
          "root": false,
          "rootEmpty": false,
          "_timeout": 2000
        }
      ],
      "passes": [],
      "failures": [],
      "pending": [],
      "skipped": [],
      "duration": 0,
      "root": true,
      "rootEmpty": true,
      "_timeout": 2000
    },
    {
      "uuid": "aaa6d2c8-75b3-4fde-96a5-552cdf4c4413",
      "title": "",
      "fullFile": "cypress\\e2e\\Webdriver\\contact-us.js",
      "file": "cypress\\e2e\\Webdriver\\contact-us.js",
      "beforeHooks": [],
      "afterHooks": [],
      "tests": [],
      "suites": [
        {
          "uuid": "d79f1a0f-fcec-4c9b-a703-e49a5683d751",
          "title": "Test Contact Us Form via Webdriver ",
          "fullFile": "",
          "file": "",
          "beforeHooks": [],
          "afterHooks": [],
          "tests": [
            {
              "title": "Should be able to submit a successful submission via contact form us form ",
              "fullTitle": "Test Contact Us Form via Webdriver  Should be able to submit a successful submission via contact form us form ",
              "timedOut": null,
              "duration": 2649,
              "state": "passed",
              "speed": "fast",
              "pass": true,
              "fail": false,
              "pending": false,
              "context": null,
              "code": "cy.fixture(\"user-data\").then(data => {\n  const {\n    firstname,\n    lastname,\n    email,\n    comment\n  } = data.customer1;\n  cy.document().should(\"have.property\", \"charset\").and(\"eq\", \"UTF-8\");\n  cy.title().should(\"include\", \"WebDriver | Contact Us\");\n  cy.url().should(\"include\", \"contactus\");\n  _Contact_US_PO.onContact_Us_PO.contactForm_Submission(firstname, lastname, email, comment, 'h1', 'Thank You for your Message!');\n});",
              "err": {},
              "uuid": "f4d5255b-1523-43bd-8fbf-0c08f2e35062",
              "parentUUID": "d79f1a0f-fcec-4c9b-a703-e49a5683d751",
              "isHook": false,
              "skipped": false
            },
            {
              "title": "Should be able to submit a successful sumission via contact form us form ",
              "fullTitle": "Test Contact Us Form via Webdriver  Should be able to submit a successful sumission via contact form us form ",
              "timedOut": null,
              "duration": 1707,
              "state": "passed",
              "speed": "fast",
              "pass": true,
              "fail": false,
              "pending": false,
              "context": null,
              "code": "cy.fixture(\"user-data\").then(data => {\n  const {\n    firstname,\n    lastname,\n    email,\n    comment\n  } = data.customer2;\n  _Contact_US_PO.onContact_Us_PO.contactForm_Submission(firstname, lastname, \" \", comment, 'body', 'Error: Invalid email address');\n});",
              "err": {},
              "uuid": "6d4d3765-bcef-432d-9249-2ac78424e1b5",
              "parentUUID": "d79f1a0f-fcec-4c9b-a703-e49a5683d751",
              "isHook": false,
              "skipped": false
            }
          ],
          "suites": [],
          "passes": [
            "f4d5255b-1523-43bd-8fbf-0c08f2e35062",
            "6d4d3765-bcef-432d-9249-2ac78424e1b5"
          ],
          "failures": [],
          "pending": [],
          "skipped": [],
          "duration": 4356,
          "root": false,
          "rootEmpty": false,
          "_timeout": 2000
        }
      ],
      "passes": [],
      "failures": [],
      "pending": [],
      "skipped": [],
      "duration": 0,
      "root": true,
      "rootEmpty": true,
      "_timeout": 2000
    },
    {
      "uuid": "57991d29-aad8-4946-899d-4cdb1ff0149f",
      "title": "",
      "fullFile": "cypress\\e2e\\Webdriver\\data-tables.js",
      "file": "cypress\\e2e\\Webdriver\\data-tables.js",
      "beforeHooks": [],
      "afterHooks": [],
      "tests": [],
      "suites": [
        {
          "uuid": "843fb111-617e-4f5a-9b42-88429fad08d3",
          "title": "Handing data via webdriver",
          "fullFile": "",
          "file": "",
          "beforeHooks": [],
          "afterHooks": [],
          "tests": [
            {
              "title": "Calculate and asserts the total age of all users",
              "fullTitle": "Handing data via webdriver Calculate and asserts the total age of all users",
              "timedOut": null,
              "duration": 497,
              "state": "passed",
              "speed": "fast",
              "pass": true,
              "fail": false,
              "pending": false,
              "context": null,
              "code": "var userDetails = [];\nlet numb = 0;\ncy.get('#thumbnail-1 td').each(($el, index, $list) => {\n  userDetails[index] = $el.text();\n}).then(() => {\n  var i;\n  for (i = 0; i < userDetails.length; i++) {\n    if (Number(userDetails[i])) {\n      numb += Number(userDetails[i]);\n    }\n    //cy.log(userDetails[i])\n  }\n  cy.log(\"Found total age: \" + numb);\n  expect(numb).to.eq(322);\n});",
              "err": {},
              "uuid": "0364b652-7aa1-4273-9fb3-47c16ade497f",
              "parentUUID": "843fb111-617e-4f5a-9b42-88429fad08d3",
              "isHook": false,
              "skipped": false
            },
            {
              "title": "Calculate and asserts the age of a givenuser based on last name ",
              "fullTitle": "Handing data via webdriver Calculate and asserts the age of a givenuser based on last name ",
              "timedOut": null,
              "duration": 183,
              "state": "passed",
              "speed": "fast",
              "pass": true,
              "fail": false,
              "pending": false,
              "context": null,
              "code": "cy.get('#thumbnail-1 tr td:nth-child(2)').each(($el, index, $list) => {\n  const text = $el.text();\n  if (text.includes(\"Woods\")) {\n    cy.get('#thumbnail-1 tr td:nth-child(2)').eq(index).next().then(function (age) {\n      const userAge = age.text();\n      expect(userAge).to.equal(\"80\");\n    }); //next() is moving to the next cell with numbers (age)\n  }\n});",
              "err": {},
              "uuid": "540dc573-de05-4ea6-a422-1a5931c3ee6e",
              "parentUUID": "843fb111-617e-4f5a-9b42-88429fad08d3",
              "isHook": false,
              "skipped": false
            }
          ],
          "suites": [],
          "passes": [
            "0364b652-7aa1-4273-9fb3-47c16ade497f",
            "540dc573-de05-4ea6-a422-1a5931c3ee6e"
          ],
          "failures": [],
          "pending": [],
          "skipped": [],
          "duration": 680,
          "root": false,
          "rootEmpty": false,
          "_timeout": 2000
        }
      ],
      "passes": [],
      "failures": [],
      "pending": [],
      "skipped": [],
      "duration": 0,
      "root": true,
      "rootEmpty": true,
      "_timeout": 2000
    },
    {
      "uuid": "42d8ec12-cd1a-4ac3-9b91-396b2180bbde",
      "title": "",
      "fullFile": "cypress\\e2e\\Webdriver\\date-picker.js",
      "file": "cypress\\e2e\\Webdriver\\date-picker.js",
      "beforeHooks": [],
      "afterHooks": [],
      "tests": [],
      "suites": [
        {
          "uuid": "4218517e-33a1-405f-a3ee-d6be8d37b962",
          "title": "Test Date Picker via webdriver uni ",
          "fullFile": "",
          "file": "",
          "beforeHooks": [],
          "afterHooks": [],
          "tests": [
            {
              "title": "Select date from date picker ",
              "fullTitle": "Test Date Picker via webdriver uni  Select date from date picker ",
              "timedOut": null,
              "duration": 1061,
              "state": "passed",
              "speed": "fast",
              "pass": true,
              "fail": false,
              "pending": false,
              "context": null,
              "code": "cy.get('#datepicker').click();\n//   // Get current day\n//   let currentDate = new Date();\n//   currentDate.setDate(currentDate.getDate());\n//   cy.log(currentDate.getDate());\n//   // Add extra days (in this case, 5 days)\n//   let futureDate = new Date();\n//   futureDate.setDate(futureDate.getDate() + 5);\n//   cy.log(futureDate.getDate());\nvar currentdate = new Date();\ncurrentdate.setDate(currentdate.getDate() + 70); // we adding days at current date\nvar futureYear = currentdate.getFullYear();\nvar futureMonth = currentdate.toLocaleString(\"default\", {\n  month: \"long\"\n});\nvar futureDay = currentdate.getDate();\ncy.log(\"Future year to select: \" + futureYear);\ncy.log(\"Future year to select: \" + futureMonth);\ncy.log(\"Future year to select: \" + futureDay);\nfunction selectMonthAndYear() {\n  cy.get(\".datepicker-dropdown\").find(\".datepicker-switch\").first().then(currentDate => {\n    if (!currentDate.text().includes(futureYear)) {\n      //!if the current date does not include future year\n      cy.get(\".next\").first().click(); //this function will click till it reach next year\n      selectMonthAndYear();\n    }\n  }).then(() => {\n    cy.get(\".datepicker-dropdown\").find(\".datepicker-switch\").first().then(currentDate => {\n      if (!currentDate.text().includes(futureMonth)) {\n        cy.get(\".next\").first().click();\n        selectMonthAndYear();\n      }\n    });\n  });\n}\nfunction selectFutureDay() {\n  cy.get('[class=\"day\"]').contains(futureDay).click();\n}\nselectMonthAndYear(); // we want to always first select month and year\nselectFutureDay();",
              "err": {},
              "uuid": "c9b90d1c-d757-475c-9561-cf3ac70712f0",
              "parentUUID": "4218517e-33a1-405f-a3ee-d6be8d37b962",
              "isHook": false,
              "skipped": false
            }
          ],
          "suites": [],
          "passes": [
            "c9b90d1c-d757-475c-9561-cf3ac70712f0"
          ],
          "failures": [],
          "pending": [],
          "skipped": [],
          "duration": 1061,
          "root": false,
          "rootEmpty": false,
          "_timeout": 2000
        }
      ],
      "passes": [],
      "failures": [],
      "pending": [],
      "skipped": [],
      "duration": 0,
      "root": true,
      "rootEmpty": true,
      "_timeout": 2000
    },
    {
      "uuid": "bf8169e7-d869-47ca-b00c-3dd84b34828f",
      "title": "",
      "fullFile": "cypress\\e2e\\Webdriver\\file-upload.js",
      "file": "cypress\\e2e\\Webdriver\\file-upload.js",
      "beforeHooks": [],
      "afterHooks": [],
      "tests": [],
      "suites": [
        {
          "uuid": "efcc3f33-803c-4873-aaa0-e4e2dd2b2665",
          "title": "Test File Upload via webdriveruni",
          "fullFile": "",
          "file": "",
          "beforeHooks": [],
          "afterHooks": [],
          "tests": [
            {
              "title": "Upload a file",
              "fullTitle": "Test File Upload via webdriveruni Upload a file",
              "timedOut": null,
              "duration": 709,
              "state": "passed",
              "speed": "fast",
              "pass": true,
              "fail": false,
              "pending": false,
              "context": null,
              "code": "cy.get('#myFile').selectFile(\"cypress/fixtures/Scrum+Values.png\");\ncy.get('#submit-button').click();",
              "err": {},
              "uuid": "9a579ebc-8e22-4b96-9d2b-a508e0b75d38",
              "parentUUID": "efcc3f33-803c-4873-aaa0-e4e2dd2b2665",
              "isHook": false,
              "skipped": false
            },
            {
              "title": "Upload a no file",
              "fullTitle": "Test File Upload via webdriveruni Upload a no file",
              "timedOut": null,
              "duration": 243,
              "state": "passed",
              "speed": "fast",
              "pass": true,
              "fail": false,
              "pending": false,
              "context": null,
              "code": "cy.get('#submit-button').click();",
              "err": {},
              "uuid": "c3604394-6424-45a8-a705-b8d7fd527c3c",
              "parentUUID": "efcc3f33-803c-4873-aaa0-e4e2dd2b2665",
              "isHook": false,
              "skipped": false
            }
          ],
          "suites": [],
          "passes": [
            "9a579ebc-8e22-4b96-9d2b-a508e0b75d38",
            "c3604394-6424-45a8-a705-b8d7fd527c3c"
          ],
          "failures": [],
          "pending": [],
          "skipped": [],
          "duration": 952,
          "root": false,
          "rootEmpty": false,
          "_timeout": 2000
        }
      ],
      "passes": [],
      "failures": [],
      "pending": [],
      "skipped": [],
      "duration": 0,
      "root": true,
      "rootEmpty": true,
      "_timeout": 2000
    },
    {
      "uuid": "6401d32b-3bb4-43c1-a6ac-614d4e92f82a",
      "title": "",
      "fullFile": "cypress\\e2e\\Webdriver\\hooks.js",
      "file": "cypress\\e2e\\Webdriver\\hooks.js",
      "beforeHooks": [],
      "afterHooks": [],
      "tests": [],
      "suites": [
        {
          "uuid": "f8ca76b1-99da-4db8-a8c8-2f75bcd23a38",
          "title": "Hooks",
          "fullFile": "",
          "file": "",
          "beforeHooks": [],
          "afterHooks": [],
          "tests": [
            {
              "title": "Example test1",
              "fullTitle": "Hooks Example test1",
              "timedOut": null,
              "duration": 16,
              "state": "passed",
              "speed": "fast",
              "pass": true,
              "fail": false,
              "pending": false,
              "context": null,
              "code": "cy.log(\"Example test1!\");",
              "err": {},
              "uuid": "6c6e55ad-2f88-429d-a94e-003e001d09bb",
              "parentUUID": "f8ca76b1-99da-4db8-a8c8-2f75bcd23a38",
              "isHook": false,
              "skipped": false
            },
            {
              "title": "Example test2",
              "fullTitle": "Hooks Example test2",
              "timedOut": null,
              "duration": 6,
              "state": "passed",
              "speed": "fast",
              "pass": true,
              "fail": false,
              "pending": false,
              "context": null,
              "code": "cy.log(\"Example test2!\");",
              "err": {},
              "uuid": "3620e635-ede0-44f8-bac0-3e4301b2289e",
              "parentUUID": "f8ca76b1-99da-4db8-a8c8-2f75bcd23a38",
              "isHook": false,
              "skipped": false
            }
          ],
          "suites": [],
          "passes": [
            "6c6e55ad-2f88-429d-a94e-003e001d09bb",
            "3620e635-ede0-44f8-bac0-3e4301b2289e"
          ],
          "failures": [],
          "pending": [],
          "skipped": [],
          "duration": 22,
          "root": false,
          "rootEmpty": false,
          "_timeout": 2000
        }
      ],
      "passes": [],
      "failures": [],
      "pending": [],
      "skipped": [],
      "duration": 0,
      "root": true,
      "rootEmpty": true,
      "_timeout": 2000
    },
    {
      "uuid": "415bb700-4469-47f7-be7f-6f742111aae3",
      "title": "",
      "fullFile": "cypress\\e2e\\Webdriver\\iframe.js",
      "file": "cypress\\e2e\\Webdriver\\iframe.js",
      "beforeHooks": [],
      "afterHooks": [],
      "tests": [],
      "suites": [
        {
          "uuid": "6525f7f6-3db3-44c2-8911-1042c641149b",
          "title": "Handaling IFrame& Modals ",
          "fullFile": "",
          "file": "",
          "beforeHooks": [],
          "afterHooks": [],
          "tests": [
            {
              "title": "Handle webdriveruni iframe and modal",
              "fullTitle": "Handaling IFrame& Modals  Handle webdriveruni iframe and modal",
              "timedOut": null,
              "duration": 991,
              "state": "passed",
              "speed": "fast",
              "pass": true,
              "fail": false,
              "pending": false,
              "context": null,
              "code": "cy.get(\"#frame\").then($iframe => {\n  const body = $iframe.contents().find('body'); // we look for body of this iframe in HTML code\n  cy.wrap(body).as('iframe');\n});\ncy.get('@iframe').find('#button-find-out-more').click();\ncy.get('@iframe').find('#myModal').as('modal');\ncy.get('@modal').should($expectedText => {\n  const text = $expectedText.text();\n  expect(text).to.include(\"Welcome to webdriveruniversity.com\");\n});\ncy.get('@modal').contains('Close').click();",
              "err": {},
              "uuid": "850cdd74-5819-4209-b6cc-c1aef5a7dc3e",
              "parentUUID": "6525f7f6-3db3-44c2-8911-1042c641149b",
              "isHook": false,
              "skipped": false
            }
          ],
          "suites": [],
          "passes": [
            "850cdd74-5819-4209-b6cc-c1aef5a7dc3e"
          ],
          "failures": [],
          "pending": [],
          "skipped": [],
          "duration": 991,
          "root": false,
          "rootEmpty": false,
          "_timeout": 2000
        }
      ],
      "passes": [],
      "failures": [],
      "pending": [],
      "skipped": [],
      "duration": 0,
      "root": true,
      "rootEmpty": true,
      "_timeout": 2000
    },
    {
      "uuid": "f661e2c7-5183-4d9d-baa3-dd4ba1184865",
      "title": "",
      "fullFile": "cypress\\e2e\\Webdriver\\js-alerts.js",
      "file": "cypress\\e2e\\Webdriver\\js-alerts.js",
      "beforeHooks": [],
      "afterHooks": [],
      "tests": [],
      "suites": [
        {
          "uuid": "355cf6bd-2d10-4dbd-9878-62a1786be8e8",
          "title": "Handle js alerts ",
          "fullFile": "",
          "file": "",
          "beforeHooks": [],
          "afterHooks": [],
          "tests": [
            {
              "title": "Confirm js alert contains the correct text ",
              "fullTitle": "Handle js alerts  Confirm js alert contains the correct text ",
              "timedOut": null,
              "duration": 580,
              "state": "passed",
              "speed": "fast",
              "pass": true,
              "fail": false,
              "pending": false,
              "context": null,
              "code": "cy.get('#button1').click();\ncy.on('window:alert', str => {\n  expect(str).to.eq('I am an alert box!');\n});",
              "err": {},
              "uuid": "646dc821-e63a-4596-9fc1-27d4fc431b26",
              "parentUUID": "355cf6bd-2d10-4dbd-9878-62a1786be8e8",
              "isHook": false,
              "skipped": false
            },
            {
              "title": "Validate js confirm alert box works correctly when clicking ok ",
              "fullTitle": "Handle js alerts  Validate js confirm alert box works correctly when clicking ok ",
              "timedOut": null,
              "duration": 263,
              "state": "passed",
              "speed": "fast",
              "pass": true,
              "fail": false,
              "pending": false,
              "context": null,
              "code": "cy.get('#button4').click();\ncy.on('window:confirm', str => {\n  return true;\n});\ncy.get('#confirm-alert-text').contains('You pressed OK!');",
              "err": {},
              "uuid": "61aeaa5e-38b6-4a6a-a5a7-f57593037709",
              "parentUUID": "355cf6bd-2d10-4dbd-9878-62a1786be8e8",
              "isHook": false,
              "skipped": false
            },
            {
              "title": "Validate js confirm alert box works correctly when clicking on cancel button ",
              "fullTitle": "Handle js alerts  Validate js confirm alert box works correctly when clicking on cancel button ",
              "timedOut": null,
              "duration": 283,
              "state": "passed",
              "speed": "fast",
              "pass": true,
              "fail": false,
              "pending": false,
              "context": null,
              "code": "cy.get('#button4').click();\ncy.on('window:confirm', str => {\n  return false;\n});\ncy.get('#confirm-alert-text').contains('You pressed Cancel!');",
              "err": {},
              "uuid": "13698c89-31a2-4c13-9657-8e0d64dc3292",
              "parentUUID": "355cf6bd-2d10-4dbd-9878-62a1786be8e8",
              "isHook": false,
              "skipped": false
            },
            {
              "title": "Validate js confirm alert box works correctly when clicking on cancel button ",
              "fullTitle": "Handle js alerts  Validate js confirm alert box works correctly when clicking on cancel button ",
              "timedOut": null,
              "duration": 267,
              "state": "passed",
              "speed": "fast",
              "pass": true,
              "fail": false,
              "pending": false,
              "context": null,
              "code": "const stub = cy.stub();\ncy.on('window:confirm', stub);\ncy.get('#button4').click().then(() => {\n  expect(stub.getCall(0)).to.be.calledWith('Press a button!');\n}).then(() => {\n  return true;\n}).then(() => {\n  cy.get('#confirm-alert-text').contains('You pressed OK!');\n});",
              "err": {},
              "uuid": "84ebaf3f-b7c8-4216-a87f-2e54e8b78af4",
              "parentUUID": "355cf6bd-2d10-4dbd-9878-62a1786be8e8",
              "isHook": false,
              "skipped": false
            }
          ],
          "suites": [],
          "passes": [
            "646dc821-e63a-4596-9fc1-27d4fc431b26",
            "61aeaa5e-38b6-4a6a-a5a7-f57593037709",
            "13698c89-31a2-4c13-9657-8e0d64dc3292",
            "84ebaf3f-b7c8-4216-a87f-2e54e8b78af4"
          ],
          "failures": [],
          "pending": [],
          "skipped": [],
          "duration": 1393,
          "root": false,
          "rootEmpty": false,
          "_timeout": 2000
        }
      ],
      "passes": [],
      "failures": [],
      "pending": [],
      "skipped": [],
      "duration": 0,
      "root": true,
      "rootEmpty": true,
      "_timeout": 2000
    },
    {
      "uuid": "2a08b0a8-1486-4b69-b7b0-73ed8d6cbc66",
      "title": "",
      "fullFile": "cypress\\e2e\\Webdriver\\mouse-actions.js",
      "file": "cypress\\e2e\\Webdriver\\mouse-actions.js",
      "beforeHooks": [],
      "afterHooks": [],
      "tests": [],
      "suites": [
        {
          "uuid": "47a58623-3b7b-4dce-a72a-beab83dbdc58",
          "title": "Test mouse actions ",
          "fullFile": "",
          "file": "",
          "beforeHooks": [],
          "afterHooks": [],
          "tests": [
            {
              "title": "Scroll element into view",
              "fullTitle": "Test mouse actions  Scroll element into view",
              "timedOut": null,
              "duration": 857,
              "state": "passed",
              "speed": "fast",
              "pass": true,
              "fail": false,
              "pending": false,
              "context": null,
              "code": "cy.visit(\"/\");\ncy.get('#actions').scrollIntoView().invoke(\"removeAttr\", \"target\").click({\n  force: true\n});",
              "err": {},
              "uuid": "854ba2b8-08a6-40b6-acbc-6efb8ecc91d9",
              "parentUUID": "47a58623-3b7b-4dce-a72a-beab83dbdc58",
              "isHook": false,
              "skipped": false
            },
            {
              "title": "I should be able to drag and drop a draggable item",
              "fullTitle": "Test mouse actions  I should be able to drag and drop a draggable item",
              "timedOut": null,
              "duration": 243,
              "state": "passed",
              "speed": "fast",
              "pass": true,
              "fail": false,
              "pending": false,
              "context": null,
              "code": "cy.visit(\"/\");\ncy.get('#actions').scrollIntoView().invoke(\"removeAttr\", \"target\").click({\n  force: true\n});\ncy.get('#draggable').trigger('mousedown', {\n  which: 1\n});\ncy.get('#droppable').trigger('mousemove').trigger('mouseup', {\n  force: true\n});",
              "err": {},
              "uuid": "6acb0b92-1aec-44a7-8a07-5623be607285",
              "parentUUID": "47a58623-3b7b-4dce-a72a-beab83dbdc58",
              "isHook": false,
              "skipped": false
            },
            {
              "title": "I should be able to perform a double mouse click",
              "fullTitle": "Test mouse actions  I should be able to perform a double mouse click",
              "timedOut": null,
              "duration": 256,
              "state": "passed",
              "speed": "fast",
              "pass": true,
              "fail": false,
              "pending": false,
              "context": null,
              "code": "cy.visit(\"/\");\ncy.get('#actions').scrollIntoView().invoke(\"removeAttr\", \"target\").click({\n  force: true\n});\ncy.get('#double-click').dblclick();",
              "err": {},
              "uuid": "8a885fe4-3374-45a3-b6c3-22d5119ce197",
              "parentUUID": "47a58623-3b7b-4dce-a72a-beab83dbdc58",
              "isHook": false,
              "skipped": false
            },
            {
              "title": "I should be able to hold down the left mouse click button on a given item",
              "fullTitle": "Test mouse actions  I should be able to hold down the left mouse click button on a given item",
              "timedOut": null,
              "duration": 205,
              "state": "passed",
              "speed": "fast",
              "pass": true,
              "fail": false,
              "pending": false,
              "context": null,
              "code": "cy.visit(\"/\");\ncy.get('#actions').scrollIntoView().invoke(\"removeAttr\", \"target\").click({\n  force: true\n});\ncy.get('#click-box').trigger('mousedown', {\n  which: 1\n}).then($element => {\n  expect($element).to.have.css('background-color', 'rgb(0, 255, 0)');\n});",
              "err": {},
              "uuid": "ee2dc9ef-aa05-48fc-aff1-9ea942c3d3cd",
              "parentUUID": "47a58623-3b7b-4dce-a72a-beab83dbdc58",
              "isHook": false,
              "skipped": false
            }
          ],
          "suites": [],
          "passes": [
            "854ba2b8-08a6-40b6-acbc-6efb8ecc91d9",
            "6acb0b92-1aec-44a7-8a07-5623be607285",
            "8a885fe4-3374-45a3-b6c3-22d5119ce197",
            "ee2dc9ef-aa05-48fc-aff1-9ea942c3d3cd"
          ],
          "failures": [],
          "pending": [],
          "skipped": [],
          "duration": 1561,
          "root": false,
          "rootEmpty": false,
          "_timeout": 2000
        }
      ],
      "passes": [],
      "failures": [],
      "pending": [],
      "skipped": [],
      "duration": 0,
      "root": true,
      "rootEmpty": true,
      "_timeout": 2000
    },
    {
      "uuid": "2d08960d-9ecc-47bd-9fe3-37be3f5dcc48",
      "title": "",
      "fullFile": "cypress\\e2e\\Webdriver\\radio-buttons.js",
      "file": "cypress\\e2e\\Webdriver\\radio-buttons.js",
      "beforeHooks": [],
      "afterHooks": [],
      "tests": [],
      "suites": [
        {
          "uuid": "8a03abea-4f9f-47b1-b38a-bd318bf18fbd",
          "title": "Verify radio buttons via webdriveruniversity ",
          "fullFile": "",
          "file": "",
          "beforeHooks": [],
          "afterHooks": [],
          "tests": [
            {
              "title": "Check specific radio buttons ",
              "fullTitle": "Verify radio buttons via webdriveruniversity  Check specific radio buttons ",
              "timedOut": null,
              "duration": 672,
              "state": "passed",
              "speed": "fast",
              "pass": true,
              "fail": false,
              "pending": false,
              "context": null,
              "code": "cy.get('#radio-buttons').find('[type=\"radio\"]').first().check(); //locate first radio button\ncy.get('#radio-buttons').find('[type=\"radio\"]').eq(2).check(); // we could also create allias",
              "err": {},
              "uuid": "78d367ee-a6c4-4101-adbd-9317af8bebb1",
              "parentUUID": "8a03abea-4f9f-47b1-b38a-bd318bf18fbd",
              "isHook": false,
              "skipped": false
            },
            {
              "title": "Validate the state of specific radio button ",
              "fullTitle": "Verify radio buttons via webdriveruniversity  Validate the state of specific radio button ",
              "timedOut": null,
              "duration": 276,
              "state": "passed",
              "speed": "fast",
              "pass": true,
              "fail": false,
              "pending": false,
              "context": null,
              "code": "cy.get('[value=\"lettuce\"]').should('not.be.checked');\ncy.get('[value=\"pumpkin\"]').should('be.checked');\ncy.get('[value=\"lettuce\"]').check();\ncy.get('[value=\"lettuce\"]').should('be.checked');\ncy.get('[value=\"pumpkin\"]').should('not.be.checked');\ncy.get('[value=\"cabbage\"]').should('be.disabled');",
              "err": {},
              "uuid": "044c8f2a-d65d-46bf-bde0-e298b154923d",
              "parentUUID": "8a03abea-4f9f-47b1-b38a-bd318bf18fbd",
              "isHook": false,
              "skipped": false
            }
          ],
          "suites": [],
          "passes": [
            "78d367ee-a6c4-4101-adbd-9317af8bebb1",
            "044c8f2a-d65d-46bf-bde0-e298b154923d"
          ],
          "failures": [],
          "pending": [],
          "skipped": [],
          "duration": 948,
          "root": false,
          "rootEmpty": false,
          "_timeout": 2000
        }
      ],
      "passes": [],
      "failures": [],
      "pending": [],
      "skipped": [],
      "duration": 0,
      "root": true,
      "rootEmpty": true,
      "_timeout": 2000
    },
    {
      "uuid": "2a28c3f0-0a3c-49b1-81d6-0316e93cc600",
      "title": "",
      "fullFile": "cypress\\e2e\\Webdriver\\select-dropdown-list.js",
      "file": "cypress\\e2e\\Webdriver\\select-dropdown-list.js",
      "beforeHooks": [],
      "afterHooks": [],
      "tests": [],
      "suites": [
        {
          "uuid": "29b86689-c827-49d6-ac47-ad2bc0dfd572",
          "title": "Interact with dropdown list via webdriveruni ",
          "fullFile": "",
          "file": "",
          "beforeHooks": [],
          "afterHooks": [],
          "tests": [
            {
              "title": "Select specific values via select dropdownlist",
              "fullTitle": "Interact with dropdown list via webdriveruni  Select specific values via select dropdownlist",
              "timedOut": null,
              "duration": 1300,
              "state": "passed",
              "speed": "fast",
              "pass": true,
              "fail": false,
              "pending": false,
              "context": null,
              "code": "cy.get('#dropdowm-menu-1').select('c#');\ncy.get('#dropdowm-menu-2').select('testng').should('have.value', 'testng');\ncy.get('#dropdowm-menu-3').select('jquery').contains('JQuery');\ncy.get('#dropdowm-menu-2').select('maven').should('have.value', 'maven');\ncy.get('#dropdowm-menu-2').select('TestNG').contains('TestNG');",
              "err": {},
              "uuid": "5284267b-8524-4019-87a4-2fbe8d0c49a7",
              "parentUUID": "29b86689-c827-49d6-ac47-ad2bc0dfd572",
              "isHook": false,
              "skipped": false
            }
          ],
          "suites": [],
          "passes": [
            "5284267b-8524-4019-87a4-2fbe8d0c49a7"
          ],
          "failures": [],
          "pending": [],
          "skipped": [],
          "duration": 1300,
          "root": false,
          "rootEmpty": false,
          "_timeout": 2000
        }
      ],
      "passes": [],
      "failures": [],
      "pending": [],
      "skipped": [],
      "duration": 0,
      "root": true,
      "rootEmpty": true,
      "_timeout": 2000
    },
    {
      "uuid": "0316cc3c-ebb9-422b-b321-02fcb2635cf0",
      "title": "",
      "fullFile": "cypress\\e2e\\Webdriver\\traversing-elements.js",
      "file": "cypress\\e2e\\Webdriver\\traversing-elements.js",
      "beforeHooks": [],
      "afterHooks": [],
      "tests": [],
      "suites": [
        {
          "uuid": "e484d19c-4fc2-4240-a439-ef218c7b51f1",
          "title": "Traversing DOM elements in Cypress",
          "fullFile": "",
          "file": "",
          "beforeHooks": [],
          "afterHooks": [],
          "tests": [
            {
              "title": "children() to get the children of DOM elements",
              "fullTitle": "Traversing DOM elements in Cypress children() to get the children of DOM elements",
              "timedOut": null,
              "duration": 1086,
              "state": "passed",
              "speed": "fast",
              "pass": true,
              "fail": false,
              "pending": false,
              "context": null,
              "code": "cy.get(\".traversal-breadcrumb\").children('.active').should('contain', \"Contact Us\");",
              "err": {},
              "uuid": "6d3aa9b7-9856-4896-b34b-3079de747213",
              "parentUUID": "e484d19c-4fc2-4240-a439-ef218c7b51f1",
              "isHook": false,
              "skipped": false
            },
            {
              "title": "closest() to validate the closest ancestor DOM element",
              "fullTitle": "Traversing DOM elements in Cypress closest() to validate the closest ancestor DOM element",
              "timedOut": null,
              "duration": 182,
              "state": "passed",
              "speed": "fast",
              "pass": true,
              "fail": false,
              "pending": false,
              "context": null,
              "code": "cy.get('.traversal-badge').closest('ul').should('have.class', 'list-group');",
              "err": {},
              "uuid": "b543762a-cf2e-49bc-96bc-fac2e29a23d5",
              "parentUUID": "e484d19c-4fc2-4240-a439-ef218c7b51f1",
              "isHook": false,
              "skipped": false
            },
            {
              "title": "eq() to retrieve a specific element based on index",
              "fullTitle": "Traversing DOM elements in Cypress eq() to retrieve a specific element based on index",
              "timedOut": null,
              "duration": 186,
              "state": "passed",
              "speed": "fast",
              "pass": true,
              "fail": false,
              "pending": false,
              "context": null,
              "code": "cy.get('.traversal-drinks-list > *').eq(2).should('contain', 'Milk');",
              "err": {},
              "uuid": "d0e17b38-3797-479a-8014-7522a785110c",
              "parentUUID": "e484d19c-4fc2-4240-a439-ef218c7b51f1",
              "isHook": false,
              "skipped": false
            },
            {
              "title": "filter() to retrieve DOM elements that match a specific selector",
              "fullTitle": "Traversing DOM elements in Cypress filter() to retrieve DOM elements that match a specific selector",
              "timedOut": null,
              "duration": 186,
              "state": "passed",
              "speed": "fast",
              "pass": true,
              "fail": false,
              "pending": false,
              "context": null,
              "code": "cy.get('.btn-group-toggle> *').filter('.active').should('contain', 'Button-1');",
              "err": {},
              "uuid": "1d5a96d0-1f80-44d6-b8c8-3d5fe48a2fae",
              "parentUUID": "e484d19c-4fc2-4240-a439-ef218c7b51f1",
              "isHook": false,
              "skipped": false
            },
            {
              "title": "find() to retrieve DOM elements of a given selector",
              "fullTitle": "Traversing DOM elements in Cypress find() to retrieve DOM elements of a given selector",
              "timedOut": null,
              "duration": 197,
              "state": "passed",
              "speed": "fast",
              "pass": true,
              "fail": false,
              "pending": false,
              "context": null,
              "code": "cy.get('.traversal-pagination').find('li').find('a').should('have.length', 7);",
              "err": {},
              "uuid": "952d7bfb-ad49-4c2d-beb1-59e3135b891b",
              "parentUUID": "e484d19c-4fc2-4240-a439-ef218c7b51f1",
              "isHook": false,
              "skipped": false
            },
            {
              "title": "first() to retrieve the first DOM element within elements ",
              "fullTitle": "Traversing DOM elements in Cypress first() to retrieve the first DOM element within elements ",
              "timedOut": null,
              "duration": 179,
              "state": "passed",
              "speed": "fast",
              "pass": true,
              "fail": false,
              "pending": false,
              "context": null,
              "code": "cy.get('.traversal-table > tbody > tr > td').first().should('contain', 'Andy');",
              "err": {},
              "uuid": "408f1a49-26b9-468b-963d-cf6a075d2926",
              "parentUUID": "e484d19c-4fc2-4240-a439-ef218c7b51f1",
              "isHook": false,
              "skipped": false
            },
            {
              "title": "last() to retrieve the last DOM element within elements",
              "fullTitle": "Traversing DOM elements in Cypress last() to retrieve the last DOM element within elements",
              "timedOut": null,
              "duration": 170,
              "state": "passed",
              "speed": "fast",
              "pass": true,
              "fail": false,
              "pending": false,
              "context": null,
              "code": "cy.get('.traversal-table > tbody > tr > td').last().should('contain', 'Scott');",
              "err": {},
              "uuid": "7552300b-bc6e-486e-b4dd-a158db65364e",
              "parentUUID": "e484d19c-4fc2-4240-a439-ef218c7b51f1",
              "isHook": false,
              "skipped": false
            },
            {
              "title": "nextAll() to get all of the next sibling DOM elements within elements",
              "fullTitle": "Traversing DOM elements in Cypress nextAll() to get all of the next sibling DOM elements within elements",
              "timedOut": null,
              "duration": 176,
              "state": "passed",
              "speed": "fast",
              "pass": true,
              "fail": false,
              "pending": false,
              "context": null,
              "code": "cy.get('.traversal-drinks-list').contains('Tea').nextAll().should('have.length', 3);",
              "err": {},
              "uuid": "487eb5b7-0b56-48a9-8d79-d63ada00fde4",
              "parentUUID": "e484d19c-4fc2-4240-a439-ef218c7b51f1",
              "isHook": false,
              "skipped": false
            },
            {
              "title": "nextUntil() to get all of the next sibling DOM elements within elements until another element",
              "fullTitle": "Traversing DOM elements in Cypress nextUntil() to get all of the next sibling DOM elements within elements until another element",
              "timedOut": null,
              "duration": 178,
              "state": "passed",
              "speed": "fast",
              "pass": true,
              "fail": false,
              "pending": false,
              "context": null,
              "code": "cy.get('#coffee').nextUntil('#milk');",
              "err": {},
              "uuid": "a48d08d2-af0a-4372-bb9a-45985e9461f6",
              "parentUUID": "e484d19c-4fc2-4240-a439-ef218c7b51f1",
              "isHook": false,
              "skipped": false
            },
            {
              "title": "not() to remove DOM element(s) from the set of elements",
              "fullTitle": "Traversing DOM elements in Cypress not() to remove DOM element(s) from the set of elements",
              "timedOut": null,
              "duration": 175,
              "state": "passed",
              "speed": "fast",
              "pass": true,
              "fail": false,
              "pending": false,
              "context": null,
              "code": "cy.get('.traversal-button-states > button').not('.disabled').should('not.have.class', 'disabled');",
              "err": {},
              "uuid": "9ce3ade3-e7c7-4fc9-a8dc-a587f5538327",
              "parentUUID": "e484d19c-4fc2-4240-a439-ef218c7b51f1",
              "isHook": false,
              "skipped": false
            },
            {
              "title": "parent() To get parent DOM element of elements",
              "fullTitle": "Traversing DOM elements in Cypress parent() To get parent DOM element of elements",
              "timedOut": null,
              "duration": 192,
              "state": "passed",
              "speed": "fast",
              "pass": true,
              "fail": false,
              "pending": false,
              "context": null,
              "code": "cy.get('.traversal-mark').parent().should('contain', 'Lorem ipsum dolor sit amet');",
              "err": {},
              "uuid": "24962be8-079d-4783-a8f4-815d132b37ae",
              "parentUUID": "e484d19c-4fc2-4240-a439-ef218c7b51f1",
              "isHook": false,
              "skipped": false
            },
            {
              "title": "parents() to get parents DOM element of elements",
              "fullTitle": "Traversing DOM elements in Cypress parents() to get parents DOM element of elements",
              "timedOut": null,
              "duration": 202,
              "state": "passed",
              "speed": "fast",
              "pass": true,
              "fail": false,
              "pending": false,
              "context": null,
              "code": "cy.get('.traversal-cite').parents().should('match', 'blockquote');",
              "err": {},
              "uuid": "5b7b88dd-a15f-45a0-aaaa-46689b772662",
              "parentUUID": "e484d19c-4fc2-4240-a439-ef218c7b51f1",
              "isHook": false,
              "skipped": false
            },
            {
              "title": "prev() to get the previous sibling DOM element within elements",
              "fullTitle": "Traversing DOM elements in Cypress prev() to get the previous sibling DOM element within elements",
              "timedOut": null,
              "duration": 173,
              "state": "passed",
              "speed": "fast",
              "pass": true,
              "fail": false,
              "pending": false,
              "context": null,
              "code": "cy.get('#sugar').prev().contains('Espresso');",
              "err": {},
              "uuid": "d06f0d10-c4d7-4709-80ab-3a3eac1a4967",
              "parentUUID": "e484d19c-4fc2-4240-a439-ef218c7b51f1",
              "isHook": false,
              "skipped": false
            },
            {
              "title": "prevAll() to get all previous sibling DOM elements within elements",
              "fullTitle": "Traversing DOM elements in Cypress prevAll() to get all previous sibling DOM elements within elements",
              "timedOut": null,
              "duration": 182,
              "state": "passed",
              "speed": "fast",
              "pass": true,
              "fail": false,
              "pending": false,
              "context": null,
              "code": "cy.get('.sales').prevAll().should('have.length', 2);",
              "err": {},
              "uuid": "d2a6173f-69c7-453d-86a3-d4ce7563727b",
              "parentUUID": "e484d19c-4fc2-4240-a439-ef218c7b51f1",
              "isHook": false,
              "skipped": false
            },
            {
              "title": "prevUntil() to get all previous sibling DOM elements within elements until other element",
              "fullTitle": "Traversing DOM elements in Cypress prevUntil() to get all previous sibling DOM elements within elements until other element",
              "timedOut": null,
              "duration": 199,
              "state": "passed",
              "speed": "fast",
              "pass": true,
              "fail": false,
              "pending": false,
              "context": null,
              "code": "cy.get('#veggie').prevUntil('#fruits').should('have.length', 5);",
              "err": {},
              "uuid": "80148132-003a-4efa-bdc9-c844b3017132",
              "parentUUID": "e484d19c-4fc2-4240-a439-ef218c7b51f1",
              "isHook": false,
              "skipped": false
            },
            {
              "title": "siblings() To get all sibling DOM elements of elements",
              "fullTitle": "Traversing DOM elements in Cypress siblings() To get all sibling DOM elements of elements",
              "timedOut": null,
              "duration": 185,
              "state": "passed",
              "speed": "fast",
              "pass": true,
              "fail": false,
              "pending": false,
              "context": null,
              "code": "cy.get('.traversal-button-other-states .active').siblings().should('have.length', 3);",
              "err": {},
              "uuid": "640f6a9e-357f-4721-a991-c24f3b5a142d",
              "parentUUID": "e484d19c-4fc2-4240-a439-ef218c7b51f1",
              "isHook": false,
              "skipped": false
            }
          ],
          "suites": [],
          "passes": [
            "6d3aa9b7-9856-4896-b34b-3079de747213",
            "b543762a-cf2e-49bc-96bc-fac2e29a23d5",
            "d0e17b38-3797-479a-8014-7522a785110c",
            "1d5a96d0-1f80-44d6-b8c8-3d5fe48a2fae",
            "952d7bfb-ad49-4c2d-beb1-59e3135b891b",
            "408f1a49-26b9-468b-963d-cf6a075d2926",
            "7552300b-bc6e-486e-b4dd-a158db65364e",
            "487eb5b7-0b56-48a9-8d79-d63ada00fde4",
            "a48d08d2-af0a-4372-bb9a-45985e9461f6",
            "9ce3ade3-e7c7-4fc9-a8dc-a587f5538327",
            "24962be8-079d-4783-a8f4-815d132b37ae",
            "5b7b88dd-a15f-45a0-aaaa-46689b772662",
            "d06f0d10-c4d7-4709-80ab-3a3eac1a4967",
            "d2a6173f-69c7-453d-86a3-d4ce7563727b",
            "80148132-003a-4efa-bdc9-c844b3017132",
            "640f6a9e-357f-4721-a991-c24f3b5a142d"
          ],
          "failures": [],
          "pending": [],
          "skipped": [],
          "duration": 3848,
          "root": false,
          "rootEmpty": false,
          "_timeout": 2000
        }
      ],
      "passes": [],
      "failures": [],
      "pending": [],
      "skipped": [],
      "duration": 0,
      "root": true,
      "rootEmpty": true,
      "_timeout": 2000
    },
    {
      "uuid": "1e445e89-7b35-412d-ab8d-7c943a9e28d5",
      "title": "",
      "fullFile": "cypress\\e2e\\AutomationTestStore\\add-multiple-items -to-basket.js",
      "file": "cypress\\e2e\\AutomationTestStore\\add-multiple-items -to-basket.js",
      "beforeHooks": [],
      "afterHooks": [],
      "tests": [],
      "suites": [
        {
          "uuid": "c33e5ab2-84f0-4451-89e5-503c980edecf",
          "title": "Add multiple items to basket ",
          "fullFile": "",
          "file": "",
          "beforeHooks": [],
          "afterHooks": [],
          "tests": [
            {
              "title": "Add specific items to basket",
              "fullTitle": "Add multiple items to basket  Add specific items to basket",
              "timedOut": null,
              "duration": 2036,
              "state": "passed",
              "speed": "fast",
              "pass": true,
              "fail": false,
              "pending": false,
              "context": null,
              "code": "_AutoStore_HairCare_PO.onAutoStore_HoirCare_PO.addHairCareProductToBasket();",
              "err": {},
              "uuid": "1dda1114-8572-4479-82d9-3e0af5ac14f8",
              "parentUUID": "c33e5ab2-84f0-4451-89e5-503c980edecf",
              "isHook": false,
              "skipped": false
            }
          ],
          "suites": [],
          "passes": [
            "1dda1114-8572-4479-82d9-3e0af5ac14f8"
          ],
          "failures": [],
          "pending": [],
          "skipped": [],
          "duration": 2036,
          "root": false,
          "rootEmpty": false,
          "_timeout": 2000
        }
      ],
      "passes": [],
      "failures": [],
      "pending": [],
      "skipped": [],
      "duration": 0,
      "root": true,
      "rootEmpty": true,
      "_timeout": 2000
    }
  ],
  "meta": {
    "mocha": {
      "version": "7.0.1"
    },
    "mochawesome": {
      "options": {
        "quiet": false,
        "reportFilename": "mochawesome",
        "saveHtml": false,
        "saveJson": true,
        "consoleReporter": "spec",
        "useInlineDiffs": false,
        "code": true
      },
      "version": "7.1.3"
    },
    "marge": {
      "options": {
        "id": "default",
        "reportDir": "cypress/results/mochawesome",
        "quite": true,
        "overwrite": false,
        "html": false,
        "json": true
      },
      "version": "6.2.0"
    }
  }
}