{
  "stats": {
    "suites": 1,
    "tests": 2,
    "passes": 2,
    "pending": 0,
    "failures": 0,
    "start": "2024-03-01T16:20:34.904Z",
    "end": "2024-03-01T16:20:35.904Z",
    "duration": 1000,
    "testsRegistered": 2,
    "passPercent": 100,
    "pendingPercent": 0,
    "other": 0,
    "hasOther": false,
    "skipped": 0,
    "hasSkipped": false
  },
  "results": [
    {
      "uuid": "bf8169e7-d869-47ca-b00c-3dd84b34828f",
      "title": "",
      "fullFile": "cypress\\e2e\\Webdriver\\file-upload.js",
      "file": "cypress\\e2e\\Webdriver\\file-upload.js",
      "beforeHooks": [],
      "afterHooks": [],
      "tests": [],
      "suites": [
        {
          "uuid": "efcc3f33-803c-4873-aaa0-e4e2dd2b2665",
          "title": "Test File Upload via webdriveruni",
          "fullFile": "",
          "file": "",
          "beforeHooks": [],
          "afterHooks": [],
          "tests": [
            {
              "title": "Upload a file",
              "fullTitle": "Test File Upload via webdriveruni Upload a file",
              "timedOut": null,
              "duration": 709,
              "state": "passed",
              "speed": "fast",
              "pass": true,
              "fail": false,
              "pending": false,
              "context": null,
              "code": "cy.get('#myFile').selectFile(\"cypress/fixtures/Scrum+Values.png\");\ncy.get('#submit-button').click();",
              "err": {},
              "uuid": "9a579ebc-8e22-4b96-9d2b-a508e0b75d38",
              "parentUUID": "efcc3f33-803c-4873-aaa0-e4e2dd2b2665",
              "isHook": false,
              "skipped": false
            },
            {
              "title": "Upload a no file",
              "fullTitle": "Test File Upload via webdriveruni Upload a no file",
              "timedOut": null,
              "duration": 243,
              "state": "passed",
              "speed": "fast",
              "pass": true,
              "fail": false,
              "pending": false,
              "context": null,
              "code": "cy.get('#submit-button').click();",
              "err": {},
              "uuid": "c3604394-6424-45a8-a705-b8d7fd527c3c",
              "parentUUID": "efcc3f33-803c-4873-aaa0-e4e2dd2b2665",
              "isHook": false,
              "skipped": false
            }
          ],
          "suites": [],
          "passes": [
            "9a579ebc-8e22-4b96-9d2b-a508e0b75d38",
            "c3604394-6424-45a8-a705-b8d7fd527c3c"
          ],
          "failures": [],
          "pending": [],
          "skipped": [],
          "duration": 952,
          "root": false,
          "rootEmpty": false,
          "_timeout": 2000
        }
      ],
      "passes": [],
      "failures": [],
      "pending": [],
      "skipped": [],
      "duration": 0,
      "root": true,
      "rootEmpty": true,
      "_timeout": 2000
    }
  ],
  "meta": {
    "mocha": {
      "version": "7.0.1"
    },
    "mochawesome": {
      "options": {
        "quiet": false,
        "reportFilename": "mochawesome",
        "saveHtml": false,
        "saveJson": true,
        "consoleReporter": "spec",
        "useInlineDiffs": false,
        "code": true
      },
      "version": "7.1.3"
    },
    "marge": {
      "options": {
        "id": "default",
        "reportDir": "cypress/results/mochawesome",
        "quite": true,
        "overwrite": false,
        "html": false,
        "json": true
      },
      "version": "6.2.0"
    }
  }
}