{
  "stats": {
    "suites": 1,
    "tests": 3,
    "passes": 3,
    "pending": 0,
    "failures": 0,
    "start": "2024-03-01T16:20:01.080Z",
    "end": "2024-03-01T16:20:04.655Z",
    "duration": 3575,
    "testsRegistered": 3,
    "passPercent": 100,
    "pendingPercent": 0,
    "other": 0,
    "hasOther": false,
    "skipped": 0,
    "hasSkipped": false
  },
  "results": [
    {
      "uuid": "be8aa12d-7911-4f42-a726-ffefd3027e2d",
      "title": "",
      "fullFile": "cypress\\e2e\\AutomationTestStore\\inspect-items.js",
      "file": "cypress\\e2e\\AutomationTestStore\\inspect-items.js",
      "beforeHooks": [],
      "afterHooks": [],
      "tests": [],
      "suites": [
        {
          "uuid": "4467ef11-51b3-4a02-9f80-776af9d7c5ed",
          "title": "Inspect automation test store items using chain of commands ",
          "fullFile": "",
          "file": "",
          "beforeHooks": [],
          "afterHooks": [],
          "tests": [
            {
              "title": "Click on the first item using item header",
              "fullTitle": "Inspect automation test store items using chain of commands  Click on the first item using item header",
              "timedOut": null,
              "duration": 1019,
              "state": "passed",
              "speed": "fast",
              "pass": true,
              "fail": false,
              "pending": false,
              "context": null,
              "code": "cy.visit(\"https://automationteststore.com/\");\ncy.get('#block_frame_featured_1769 > .thumbnails > :nth-child(1) > .fixed_wrapper > .fixed > .prdocutname').click();",
              "err": {},
              "uuid": "1733635e-50b6-43e7-8481-ffa5ca5e58ae",
              "parentUUID": "4467ef11-51b3-4a02-9f80-776af9d7c5ed",
              "isHook": false,
              "skipped": false
            },
            {
              "title": "Click on the first item using item text",
              "fullTitle": "Inspect automation test store items using chain of commands  Click on the first item using item text",
              "timedOut": null,
              "duration": 768,
              "state": "passed",
              "speed": "fast",
              "pass": true,
              "fail": false,
              "pending": false,
              "context": null,
              "code": "cy.visit(\"https://automationteststore.com/\");\ncy.get('.prdocutname').contains('Skinsheen Bronzer Stick').click().then(function (itemHeaderText) {\n  console.log(\"Selected the following item: \" + itemHeaderText.text());\n});",
              "err": {},
              "uuid": "5f5df221-7ed6-4d7d-86f4-fedecec6b449",
              "parentUUID": "4467ef11-51b3-4a02-9f80-776af9d7c5ed",
              "isHook": false,
              "skipped": false
            },
            {
              "title": "Click on the first item using index",
              "fullTitle": "Inspect automation test store items using chain of commands  Click on the first item using index",
              "timedOut": null,
              "duration": 747,
              "state": "passed",
              "speed": "fast",
              "pass": true,
              "fail": false,
              "pending": false,
              "context": null,
              "code": "cy.visit(\"https://automationteststore.com/\");\ncy.get('.fixed_wrapper').find('.prdocutname').eq(0).click();",
              "err": {},
              "uuid": "c31ffc01-d192-4dfc-a6b5-61c920bcc00c",
              "parentUUID": "4467ef11-51b3-4a02-9f80-776af9d7c5ed",
              "isHook": false,
              "skipped": false
            }
          ],
          "suites": [],
          "passes": [
            "1733635e-50b6-43e7-8481-ffa5ca5e58ae",
            "5f5df221-7ed6-4d7d-86f4-fedecec6b449",
            "c31ffc01-d192-4dfc-a6b5-61c920bcc00c"
          ],
          "failures": [],
          "pending": [],
          "skipped": [],
          "duration": 2534,
          "root": false,
          "rootEmpty": false,
          "_timeout": 2000
        }
      ],
      "passes": [],
      "failures": [],
      "pending": [],
      "skipped": [],
      "duration": 0,
      "root": true,
      "rootEmpty": true,
      "_timeout": 2000
    }
  ],
  "meta": {
    "mocha": {
      "version": "7.0.1"
    },
    "mochawesome": {
      "options": {
        "quiet": false,
        "reportFilename": "mochawesome",
        "saveHtml": false,
        "saveJson": true,
        "consoleReporter": "spec",
        "useInlineDiffs": false,
        "code": true
      },
      "version": "7.1.3"
    },
    "marge": {
      "options": {
        "id": "default",
        "reportDir": "cypress/results/mochawesome",
        "quite": true,
        "overwrite": false,
        "html": false,
        "json": true
      },
      "version": "6.2.0"
    }
  }
}