{
  "stats": {
    "suites": 1,
    "tests": 1,
    "passes": 1,
    "pending": 0,
    "failures": 0,
    "start": "2024-03-01T16:20:38.860Z",
    "end": "2024-03-01T16:20:39.891Z",
    "duration": 1031,
    "testsRegistered": 1,
    "passPercent": 100,
    "pendingPercent": 0,
    "other": 0,
    "hasOther": false,
    "skipped": 0,
    "hasSkipped": false
  },
  "results": [
    {
      "uuid": "415bb700-4469-47f7-be7f-6f742111aae3",
      "title": "",
      "fullFile": "cypress\\e2e\\Webdriver\\iframe.js",
      "file": "cypress\\e2e\\Webdriver\\iframe.js",
      "beforeHooks": [],
      "afterHooks": [],
      "tests": [],
      "suites": [
        {
          "uuid": "6525f7f6-3db3-44c2-8911-1042c641149b",
          "title": "Handaling IFrame& Modals ",
          "fullFile": "",
          "file": "",
          "beforeHooks": [],
          "afterHooks": [],
          "tests": [
            {
              "title": "Handle webdriveruni iframe and modal",
              "fullTitle": "Handaling IFrame& Modals  Handle webdriveruni iframe and modal",
              "timedOut": null,
              "duration": 991,
              "state": "passed",
              "speed": "fast",
              "pass": true,
              "fail": false,
              "pending": false,
              "context": null,
              "code": "cy.get(\"#frame\").then($iframe => {\n  const body = $iframe.contents().find('body'); // we look for body of this iframe in HTML code\n  cy.wrap(body).as('iframe');\n});\ncy.get('@iframe').find('#button-find-out-more').click();\ncy.get('@iframe').find('#myModal').as('modal');\ncy.get('@modal').should($expectedText => {\n  const text = $expectedText.text();\n  expect(text).to.include(\"Welcome to webdriveruniversity.com\");\n});\ncy.get('@modal').contains('Close').click();",
              "err": {},
              "uuid": "850cdd74-5819-4209-b6cc-c1aef5a7dc3e",
              "parentUUID": "6525f7f6-3db3-44c2-8911-1042c641149b",
              "isHook": false,
              "skipped": false
            }
          ],
          "suites": [],
          "passes": [
            "850cdd74-5819-4209-b6cc-c1aef5a7dc3e"
          ],
          "failures": [],
          "pending": [],
          "skipped": [],
          "duration": 991,
          "root": false,
          "rootEmpty": false,
          "_timeout": 2000
        }
      ],
      "passes": [],
      "failures": [],
      "pending": [],
      "skipped": [],
      "duration": 0,
      "root": true,
      "rootEmpty": true,
      "_timeout": 2000
    }
  ],
  "meta": {
    "mocha": {
      "version": "7.0.1"
    },
    "mochawesome": {
      "options": {
        "quiet": false,
        "reportFilename": "mochawesome",
        "saveHtml": false,
        "saveJson": true,
        "consoleReporter": "spec",
        "useInlineDiffs": false,
        "code": true
      },
      "version": "7.1.3"
    },
    "marge": {
      "options": {
        "id": "default",
        "reportDir": "cypress/results/mochawesome",
        "quite": true,
        "overwrite": false,
        "html": false,
        "json": true
      },
      "version": "6.2.0"
    }
  }
}