{
  "stats": {
    "suites": 1,
    "tests": 2,
    "passes": 2,
    "pending": 0,
    "failures": 0,
    "start": "2024-03-01T16:20:11.136Z",
    "end": "2024-03-01T16:20:14.343Z",
    "duration": 3207,
    "testsRegistered": 2,
    "passPercent": 100,
    "pendingPercent": 0,
    "other": 0,
    "hasOther": false,
    "skipped": 0,
    "hasSkipped": false
  },
  "results": [
    {
      "uuid": "410d01f1-18cc-4a45-a280-af61fc0323c9",
      "title": "",
      "fullFile": "cypress\\e2e\\AutomationTestStore\\variables-and-cy-commands.js",
      "file": "cypress\\e2e\\AutomationTestStore\\variables-and-cy-commands.js",
      "beforeHooks": [],
      "afterHooks": [],
      "tests": [],
      "suites": [
        {
          "uuid": "e5273497-6f7f-4518-adf2-85b569baa3bb",
          "title": "Verify variables , cypress commands and jquery commands ",
          "fullFile": "",
          "file": "",
          "beforeHooks": [],
          "afterHooks": [],
          "tests": [
            {
              "title": "Navigate to specific product pages ",
              "fullTitle": "Verify variables , cypress commands and jquery commands  Navigate to specific product pages ",
              "timedOut": null,
              "duration": 1534,
              "state": "passed",
              "speed": "fast",
              "pass": true,
              "fail": false,
              "pending": false,
              "context": null,
              "code": "cy.visit(\"https://automationteststore.com/\");\ncy.get(\"a[href*='product/category&path=']\").contains(\"Makeup\").click();\ncy.get(\"a[href*='product/category&path=']\").contains(\"Skincare\").click();",
              "err": {},
              "uuid": "527e12e8-9423-4c43-bfc1-f0fb4d96e9e1",
              "parentUUID": "e5273497-6f7f-4518-adf2-85b569baa3bb",
              "isHook": false,
              "skipped": false
            },
            {
              "title": "Navigate to specific product pages ",
              "fullTitle": "Verify variables , cypress commands and jquery commands  Navigate to specific product pages ",
              "timedOut": null,
              "duration": 582,
              "state": "passed",
              "speed": "fast",
              "pass": true,
              "fail": false,
              "pending": false,
              "context": null,
              "code": "cy.visit(\"https://automationteststore.com/\");\ncy.get(\"a[href*='product/category&path=']\").contains(\"Makeup\").click();\ncy.get(\"h1 .maintext\").then($headerText => {\n  const headerText = $headerText.text();\n  cy.log(\"Found header text:\" + headerText);\n  expect(headerText).is.eq(\"Makeup\");\n});\nit(\"Validate properties of the Contact Us Page\");\ncy.visit(\"https://automationteststore.com/index.php?rt=content/contact\");\n//Uses cypress commands and chaining\ncy.contains('#ContactUsFrm', 'Contact Us Form').find('#field_11').should('contain', 'First name');\n//JQuery Approach\ncy.contains('#ContactUsFrm', 'Contact Us Form').then(text => {\n  const firstNameText = text.find('#field_11').text();\n  expect(firstNameText).to.contain('First name');\n  //Embedded commands (Closure)\n  cy.get('#field_11').then(fnText => {\n    cy.log(fnText.text());\n    cy.log(fnText);\n  });\n});",
              "err": {},
              "uuid": "daf72b50-5683-45b2-afbc-22d58f1b09ab",
              "parentUUID": "e5273497-6f7f-4518-adf2-85b569baa3bb",
              "isHook": false,
              "skipped": false
            }
          ],
          "suites": [],
          "passes": [
            "527e12e8-9423-4c43-bfc1-f0fb4d96e9e1",
            "daf72b50-5683-45b2-afbc-22d58f1b09ab"
          ],
          "failures": [],
          "pending": [],
          "skipped": [],
          "duration": 2116,
          "root": false,
          "rootEmpty": false,
          "_timeout": 2000
        }
      ],
      "passes": [],
      "failures": [],
      "pending": [],
      "skipped": [],
      "duration": 0,
      "root": true,
      "rootEmpty": true,
      "_timeout": 2000
    }
  ],
  "meta": {
    "mocha": {
      "version": "7.0.1"
    },
    "mochawesome": {
      "options": {
        "quiet": false,
        "reportFilename": "mochawesome",
        "saveHtml": false,
        "saveJson": true,
        "consoleReporter": "spec",
        "useInlineDiffs": false,
        "code": true
      },
      "version": "7.1.3"
    },
    "marge": {
      "options": {
        "id": "default",
        "reportDir": "cypress/results/mochawesome",
        "quite": true,
        "overwrite": false,
        "html": false,
        "json": true
      },
      "version": "6.2.0"
    }
  }
}