{
  "stats": {
    "suites": 1,
    "tests": 2,
    "passes": 2,
    "pending": 0,
    "failures": 0,
    "start": "2024-03-01T16:20:25.268Z",
    "end": "2024-03-01T16:20:29.664Z",
    "duration": 4396,
    "testsRegistered": 2,
    "passPercent": 100,
    "pendingPercent": 0,
    "other": 0,
    "hasOther": false,
    "skipped": 0,
    "hasSkipped": false
  },
  "results": [
    {
      "uuid": "aaa6d2c8-75b3-4fde-96a5-552cdf4c4413",
      "title": "",
      "fullFile": "cypress\\e2e\\Webdriver\\contact-us.js",
      "file": "cypress\\e2e\\Webdriver\\contact-us.js",
      "beforeHooks": [],
      "afterHooks": [],
      "tests": [],
      "suites": [
        {
          "uuid": "d79f1a0f-fcec-4c9b-a703-e49a5683d751",
          "title": "Test Contact Us Form via Webdriver ",
          "fullFile": "",
          "file": "",
          "beforeHooks": [],
          "afterHooks": [],
          "tests": [
            {
              "title": "Should be able to submit a successful submission via contact form us form ",
              "fullTitle": "Test Contact Us Form via Webdriver  Should be able to submit a successful submission via contact form us form ",
              "timedOut": null,
              "duration": 2649,
              "state": "passed",
              "speed": "fast",
              "pass": true,
              "fail": false,
              "pending": false,
              "context": null,
              "code": "cy.fixture(\"user-data\").then(data => {\n  const {\n    firstname,\n    lastname,\n    email,\n    comment\n  } = data.customer1;\n  cy.document().should(\"have.property\", \"charset\").and(\"eq\", \"UTF-8\");\n  cy.title().should(\"include\", \"WebDriver | Contact Us\");\n  cy.url().should(\"include\", \"contactus\");\n  _Contact_US_PO.onContact_Us_PO.contactForm_Submission(firstname, lastname, email, comment, 'h1', 'Thank You for your Message!');\n});",
              "err": {},
              "uuid": "f4d5255b-1523-43bd-8fbf-0c08f2e35062",
              "parentUUID": "d79f1a0f-fcec-4c9b-a703-e49a5683d751",
              "isHook": false,
              "skipped": false
            },
            {
              "title": "Should be able to submit a successful sumission via contact form us form ",
              "fullTitle": "Test Contact Us Form via Webdriver  Should be able to submit a successful sumission via contact form us form ",
              "timedOut": null,
              "duration": 1707,
              "state": "passed",
              "speed": "fast",
              "pass": true,
              "fail": false,
              "pending": false,
              "context": null,
              "code": "cy.fixture(\"user-data\").then(data => {\n  const {\n    firstname,\n    lastname,\n    email,\n    comment\n  } = data.customer2;\n  _Contact_US_PO.onContact_Us_PO.contactForm_Submission(firstname, lastname, \" \", comment, 'body', 'Error: Invalid email address');\n});",
              "err": {},
              "uuid": "6d4d3765-bcef-432d-9249-2ac78424e1b5",
              "parentUUID": "d79f1a0f-fcec-4c9b-a703-e49a5683d751",
              "isHook": false,
              "skipped": false
            }
          ],
          "suites": [],
          "passes": [
            "f4d5255b-1523-43bd-8fbf-0c08f2e35062",
            "6d4d3765-bcef-432d-9249-2ac78424e1b5"
          ],
          "failures": [],
          "pending": [],
          "skipped": [],
          "duration": 4356,
          "root": false,
          "rootEmpty": false,
          "_timeout": 2000
        }
      ],
      "passes": [],
      "failures": [],
      "pending": [],
      "skipped": [],
      "duration": 0,
      "root": true,
      "rootEmpty": true,
      "_timeout": 2000
    }
  ],
  "meta": {
    "mocha": {
      "version": "7.0.1"
    },
    "mochawesome": {
      "options": {
        "quiet": false,
        "reportFilename": "mochawesome",
        "saveHtml": false,
        "saveJson": true,
        "consoleReporter": "spec",
        "useInlineDiffs": false,
        "code": true
      },
      "version": "7.1.3"
    },
    "marge": {
      "options": {
        "id": "default",
        "reportDir": "cypress/results/mochawesome",
        "quite": true,
        "overwrite": false,
        "html": false,
        "json": true
      },
      "version": "6.2.0"
    }
  }
}