{
  "stats": {
    "suites": 1,
    "tests": 1,
    "passes": 1,
    "pending": 0,
    "failures": 0,
    "start": "2024-03-01T16:20:18.689Z",
    "end": "2024-03-01T16:20:22.246Z",
    "duration": 3557,
    "testsRegistered": 1,
    "passPercent": 100,
    "pendingPercent": 0,
    "other": 0,
    "hasOther": false,
    "skipped": 0,
    "hasSkipped": false
  },
  "results": [
    {
      "uuid": "48f79b02-9792-4bd3-8292-b06de27b8e1c",
      "title": "",
      "fullFile": "cypress\\e2e\\Webdriver\\browser-navigation.js",
      "file": "cypress\\e2e\\Webdriver\\browser-navigation.js",
      "beforeHooks": [],
      "afterHooks": [],
      "tests": [],
      "suites": [
        {
          "uuid": "c1ab47fd-2b89-4d6f-abad-452da88c601c",
          "title": "Validate webdriveruni homepage lins ",
          "fullFile": "",
          "file": "",
          "beforeHooks": [],
          "afterHooks": [],
          "tests": [
            {
              "title": "Confirm links redirest to correct pages ",
              "fullTitle": "Validate webdriveruni homepage lins  Confirm links redirest to correct pages ",
              "timedOut": null,
              "duration": 3540,
              "state": "passed",
              "speed": "fast",
              "pass": true,
              "fail": false,
              "pending": false,
              "context": null,
              "code": "cy.url().should('include', 'contactus');\ncy.go('back');\ncy.reload();\ncy.url().should('include', \"/\");\n// cy.reload(true)    //reload without cashe\ncy.go('forward');\ncy.url().should('include', 'contactus');\ncy.go('back');\ncy.get(\"#login-portal\").invoke(\"removeAttr\", \"target\").click({\n  force: true\n});\ncy.url().should('include', 'Login-Portal');\ncy.go('back');\ncy.get('#to-do-list').invoke(\"removeAttr\", \"target\").click({\n  force: true\n});\ncy.url().should('include', 'To-Do-List');",
              "err": {},
              "uuid": "deb86995-a3d9-436f-be82-5b2b4d76edcd",
              "parentUUID": "c1ab47fd-2b89-4d6f-abad-452da88c601c",
              "isHook": false,
              "skipped": false
            }
          ],
          "suites": [],
          "passes": [
            "deb86995-a3d9-436f-be82-5b2b4d76edcd"
          ],
          "failures": [],
          "pending": [],
          "skipped": [],
          "duration": 3540,
          "root": false,
          "rootEmpty": false,
          "_timeout": 2000
        }
      ],
      "passes": [],
      "failures": [],
      "pending": [],
      "skipped": [],
      "duration": 0,
      "root": true,
      "rootEmpty": true,
      "_timeout": 2000
    }
  ],
  "meta": {
    "mocha": {
      "version": "7.0.1"
    },
    "mochawesome": {
      "options": {
        "quiet": false,
        "reportFilename": "mochawesome",
        "saveHtml": false,
        "saveJson": true,
        "consoleReporter": "spec",
        "useInlineDiffs": false,
        "code": true
      },
      "version": "7.1.3"
    },
    "marge": {
      "options": {
        "id": "default",
        "reportDir": "cypress/results/mochawesome",
        "quite": true,
        "overwrite": false,
        "html": false,
        "json": true
      },
      "version": "6.2.0"
    }
  }
}