{
  "stats": {
    "suites": 1,
    "tests": 2,
    "passes": 2,
    "pending": 0,
    "failures": 0,
    "start": "2024-03-01T16:20:46.019Z",
    "end": "2024-03-01T16:20:47.034Z",
    "duration": 1015,
    "testsRegistered": 2,
    "passPercent": 100,
    "pendingPercent": 0,
    "other": 0,
    "hasOther": false,
    "skipped": 0,
    "hasSkipped": false
  },
  "results": [
    {
      "uuid": "2d08960d-9ecc-47bd-9fe3-37be3f5dcc48",
      "title": "",
      "fullFile": "cypress\\e2e\\Webdriver\\radio-buttons.js",
      "file": "cypress\\e2e\\Webdriver\\radio-buttons.js",
      "beforeHooks": [],
      "afterHooks": [],
      "tests": [],
      "suites": [
        {
          "uuid": "8a03abea-4f9f-47b1-b38a-bd318bf18fbd",
          "title": "Verify radio buttons via webdriveruniversity ",
          "fullFile": "",
          "file": "",
          "beforeHooks": [],
          "afterHooks": [],
          "tests": [
            {
              "title": "Check specific radio buttons ",
              "fullTitle": "Verify radio buttons via webdriveruniversity  Check specific radio buttons ",
              "timedOut": null,
              "duration": 672,
              "state": "passed",
              "speed": "fast",
              "pass": true,
              "fail": false,
              "pending": false,
              "context": null,
              "code": "cy.get('#radio-buttons').find('[type=\"radio\"]').first().check(); //locate first radio button\ncy.get('#radio-buttons').find('[type=\"radio\"]').eq(2).check(); // we could also create allias",
              "err": {},
              "uuid": "78d367ee-a6c4-4101-adbd-9317af8bebb1",
              "parentUUID": "8a03abea-4f9f-47b1-b38a-bd318bf18fbd",
              "isHook": false,
              "skipped": false
            },
            {
              "title": "Validate the state of specific radio button ",
              "fullTitle": "Verify radio buttons via webdriveruniversity  Validate the state of specific radio button ",
              "timedOut": null,
              "duration": 276,
              "state": "passed",
              "speed": "fast",
              "pass": true,
              "fail": false,
              "pending": false,
              "context": null,
              "code": "cy.get('[value=\"lettuce\"]').should('not.be.checked');\ncy.get('[value=\"pumpkin\"]').should('be.checked');\ncy.get('[value=\"lettuce\"]').check();\ncy.get('[value=\"lettuce\"]').should('be.checked');\ncy.get('[value=\"pumpkin\"]').should('not.be.checked');\ncy.get('[value=\"cabbage\"]').should('be.disabled');",
              "err": {},
              "uuid": "044c8f2a-d65d-46bf-bde0-e298b154923d",
              "parentUUID": "8a03abea-4f9f-47b1-b38a-bd318bf18fbd",
              "isHook": false,
              "skipped": false
            }
          ],
          "suites": [],
          "passes": [
            "78d367ee-a6c4-4101-adbd-9317af8bebb1",
            "044c8f2a-d65d-46bf-bde0-e298b154923d"
          ],
          "failures": [],
          "pending": [],
          "skipped": [],
          "duration": 948,
          "root": false,
          "rootEmpty": false,
          "_timeout": 2000
        }
      ],
      "passes": [],
      "failures": [],
      "pending": [],
      "skipped": [],
      "duration": 0,
      "root": true,
      "rootEmpty": true,
      "_timeout": 2000
    }
  ],
  "meta": {
    "mocha": {
      "version": "7.0.1"
    },
    "mochawesome": {
      "options": {
        "quiet": false,
        "reportFilename": "mochawesome",
        "saveHtml": false,
        "saveJson": true,
        "consoleReporter": "spec",
        "useInlineDiffs": false,
        "code": true
      },
      "version": "7.1.3"
    },
    "marge": {
      "options": {
        "id": "default",
        "reportDir": "cypress/results/mochawesome",
        "quite": true,
        "overwrite": false,
        "html": false,
        "json": true
      },
      "version": "6.2.0"
    }
  }
}