{
  "stats": {
    "suites": 1,
    "tests": 3,
    "passes": 3,
    "pending": 0,
    "failures": 0,
    "start": "2024-03-01T16:20:23.229Z",
    "end": "2024-03-01T16:20:24.095Z",
    "duration": 866,
    "testsRegistered": 3,
    "passPercent": 100,
    "pendingPercent": 0,
    "other": 0,
    "hasOther": false,
    "skipped": 0,
    "hasSkipped": false
  },
  "results": [
    {
      "uuid": "9636d547-eb31-46c4-9eab-20bd194c3e62",
      "title": "",
      "fullFile": "cypress\\e2e\\Webdriver\\checkboxes.js",
      "file": "cypress\\e2e\\Webdriver\\checkboxes.js",
      "beforeHooks": [],
      "afterHooks": [],
      "tests": [],
      "suites": [
        {
          "uuid": "93858e2a-72c8-4a0c-9474-84664e99226d",
          "title": "Verify checkboxes ",
          "fullFile": "",
          "file": "",
          "beforeHooks": [],
          "afterHooks": [],
          "tests": [
            {
              "title": "Check and validate checkboxes ",
              "fullTitle": "Verify checkboxes  Check and validate checkboxes ",
              "timedOut": null,
              "duration": 387,
              "state": "passed",
              "speed": "fast",
              "pass": true,
              "fail": false,
              "pending": false,
              "context": null,
              "code": "// cy.get('#checkboxes > :nth-child(1) > input').check()\n// cy.get('#checkboxes > :nth-child(1) > input').check().should('be.checked') //or not.be.checked, depends\ncy.get('#checkboxes > :nth-child(1) > input').as('option-1');\ncy.get('@option-1').check().should('be.checked');",
              "err": {},
              "uuid": "2abbf686-5670-42d1-a9ae-24cc27bcb5b5",
              "parentUUID": "93858e2a-72c8-4a0c-9474-84664e99226d",
              "isHook": false,
              "skipped": false
            },
            {
              "title": "UnCheck and validate checkboxes ",
              "fullTitle": "Verify checkboxes  UnCheck and validate checkboxes ",
              "timedOut": null,
              "duration": 234,
              "state": "passed",
              "speed": "fast",
              "pass": true,
              "fail": false,
              "pending": false,
              "context": null,
              "code": "cy.get(' :nth-child(5) > input').as('option-3');\ncy.get('@option-3').uncheck().should('not.be.checked');",
              "err": {},
              "uuid": "e32ee61a-5df7-42f6-9678-34b1db0849e2",
              "parentUUID": "93858e2a-72c8-4a0c-9474-84664e99226d",
              "isHook": false,
              "skipped": false
            },
            {
              "title": "Check and validate mutiple checkboxes ",
              "fullTitle": "Verify checkboxes  Check and validate mutiple checkboxes ",
              "timedOut": null,
              "duration": 196,
              "state": "passed",
              "speed": "fast",
              "pass": true,
              "fail": false,
              "pending": false,
              "context": null,
              "code": "cy.get(' input[type=\"checkbox\"]').check(\"option-1\", \"option-2\", \"option-3\", \"option-4\");",
              "err": {},
              "uuid": "763232c3-f537-4cb4-a173-f47cdb90269b",
              "parentUUID": "93858e2a-72c8-4a0c-9474-84664e99226d",
              "isHook": false,
              "skipped": false
            }
          ],
          "suites": [],
          "passes": [
            "2abbf686-5670-42d1-a9ae-24cc27bcb5b5",
            "e32ee61a-5df7-42f6-9678-34b1db0849e2",
            "763232c3-f537-4cb4-a173-f47cdb90269b"
          ],
          "failures": [],
          "pending": [],
          "skipped": [],
          "duration": 817,
          "root": false,
          "rootEmpty": false,
          "_timeout": 2000
        }
      ],
      "passes": [],
      "failures": [],
      "pending": [],
      "skipped": [],
      "duration": 0,
      "root": true,
      "rootEmpty": true,
      "_timeout": 2000
    }
  ],
  "meta": {
    "mocha": {
      "version": "7.0.1"
    },
    "mochawesome": {
      "options": {
        "quiet": false,
        "reportFilename": "mochawesome",
        "saveHtml": false,
        "saveJson": true,
        "consoleReporter": "spec",
        "useInlineDiffs": false,
        "code": true
      },
      "version": "7.1.3"
    },
    "marge": {
      "options": {
        "id": "default",
        "reportDir": "cypress/results/mochawesome",
        "quite": true,
        "overwrite": false,
        "html": false,
        "json": true
      },
      "version": "6.2.0"
    }
  }
}