{
  "stats": {
    "suites": 1,
    "tests": 16,
    "passes": 16,
    "pending": 0,
    "failures": 0,
    "start": "2024-03-01T16:20:50.425Z",
    "end": "2024-03-01T16:20:54.572Z",
    "duration": 4147,
    "testsRegistered": 16,
    "passPercent": 100,
    "pendingPercent": 0,
    "other": 0,
    "hasOther": false,
    "skipped": 0,
    "hasSkipped": false
  },
  "results": [
    {
      "uuid": "0316cc3c-ebb9-422b-b321-02fcb2635cf0",
      "title": "",
      "fullFile": "cypress\\e2e\\Webdriver\\traversing-elements.js",
      "file": "cypress\\e2e\\Webdriver\\traversing-elements.js",
      "beforeHooks": [],
      "afterHooks": [],
      "tests": [],
      "suites": [
        {
          "uuid": "e484d19c-4fc2-4240-a439-ef218c7b51f1",
          "title": "Traversing DOM elements in Cypress",
          "fullFile": "",
          "file": "",
          "beforeHooks": [],
          "afterHooks": [],
          "tests": [
            {
              "title": "children() to get the children of DOM elements",
              "fullTitle": "Traversing DOM elements in Cypress children() to get the children of DOM elements",
              "timedOut": null,
              "duration": 1086,
              "state": "passed",
              "speed": "fast",
              "pass": true,
              "fail": false,
              "pending": false,
              "context": null,
              "code": "cy.get(\".traversal-breadcrumb\").children('.active').should('contain', \"Contact Us\");",
              "err": {},
              "uuid": "6d3aa9b7-9856-4896-b34b-3079de747213",
              "parentUUID": "e484d19c-4fc2-4240-a439-ef218c7b51f1",
              "isHook": false,
              "skipped": false
            },
            {
              "title": "closest() to validate the closest ancestor DOM element",
              "fullTitle": "Traversing DOM elements in Cypress closest() to validate the closest ancestor DOM element",
              "timedOut": null,
              "duration": 182,
              "state": "passed",
              "speed": "fast",
              "pass": true,
              "fail": false,
              "pending": false,
              "context": null,
              "code": "cy.get('.traversal-badge').closest('ul').should('have.class', 'list-group');",
              "err": {},
              "uuid": "b543762a-cf2e-49bc-96bc-fac2e29a23d5",
              "parentUUID": "e484d19c-4fc2-4240-a439-ef218c7b51f1",
              "isHook": false,
              "skipped": false
            },
            {
              "title": "eq() to retrieve a specific element based on index",
              "fullTitle": "Traversing DOM elements in Cypress eq() to retrieve a specific element based on index",
              "timedOut": null,
              "duration": 186,
              "state": "passed",
              "speed": "fast",
              "pass": true,
              "fail": false,
              "pending": false,
              "context": null,
              "code": "cy.get('.traversal-drinks-list > *').eq(2).should('contain', 'Milk');",
              "err": {},
              "uuid": "d0e17b38-3797-479a-8014-7522a785110c",
              "parentUUID": "e484d19c-4fc2-4240-a439-ef218c7b51f1",
              "isHook": false,
              "skipped": false
            },
            {
              "title": "filter() to retrieve DOM elements that match a specific selector",
              "fullTitle": "Traversing DOM elements in Cypress filter() to retrieve DOM elements that match a specific selector",
              "timedOut": null,
              "duration": 186,
              "state": "passed",
              "speed": "fast",
              "pass": true,
              "fail": false,
              "pending": false,
              "context": null,
              "code": "cy.get('.btn-group-toggle> *').filter('.active').should('contain', 'Button-1');",
              "err": {},
              "uuid": "1d5a96d0-1f80-44d6-b8c8-3d5fe48a2fae",
              "parentUUID": "e484d19c-4fc2-4240-a439-ef218c7b51f1",
              "isHook": false,
              "skipped": false
            },
            {
              "title": "find() to retrieve DOM elements of a given selector",
              "fullTitle": "Traversing DOM elements in Cypress find() to retrieve DOM elements of a given selector",
              "timedOut": null,
              "duration": 197,
              "state": "passed",
              "speed": "fast",
              "pass": true,
              "fail": false,
              "pending": false,
              "context": null,
              "code": "cy.get('.traversal-pagination').find('li').find('a').should('have.length', 7);",
              "err": {},
              "uuid": "952d7bfb-ad49-4c2d-beb1-59e3135b891b",
              "parentUUID": "e484d19c-4fc2-4240-a439-ef218c7b51f1",
              "isHook": false,
              "skipped": false
            },
            {
              "title": "first() to retrieve the first DOM element within elements ",
              "fullTitle": "Traversing DOM elements in Cypress first() to retrieve the first DOM element within elements ",
              "timedOut": null,
              "duration": 179,
              "state": "passed",
              "speed": "fast",
              "pass": true,
              "fail": false,
              "pending": false,
              "context": null,
              "code": "cy.get('.traversal-table > tbody > tr > td').first().should('contain', 'Andy');",
              "err": {},
              "uuid": "408f1a49-26b9-468b-963d-cf6a075d2926",
              "parentUUID": "e484d19c-4fc2-4240-a439-ef218c7b51f1",
              "isHook": false,
              "skipped": false
            },
            {
              "title": "last() to retrieve the last DOM element within elements",
              "fullTitle": "Traversing DOM elements in Cypress last() to retrieve the last DOM element within elements",
              "timedOut": null,
              "duration": 170,
              "state": "passed",
              "speed": "fast",
              "pass": true,
              "fail": false,
              "pending": false,
              "context": null,
              "code": "cy.get('.traversal-table > tbody > tr > td').last().should('contain', 'Scott');",
              "err": {},
              "uuid": "7552300b-bc6e-486e-b4dd-a158db65364e",
              "parentUUID": "e484d19c-4fc2-4240-a439-ef218c7b51f1",
              "isHook": false,
              "skipped": false
            },
            {
              "title": "nextAll() to get all of the next sibling DOM elements within elements",
              "fullTitle": "Traversing DOM elements in Cypress nextAll() to get all of the next sibling DOM elements within elements",
              "timedOut": null,
              "duration": 176,
              "state": "passed",
              "speed": "fast",
              "pass": true,
              "fail": false,
              "pending": false,
              "context": null,
              "code": "cy.get('.traversal-drinks-list').contains('Tea').nextAll().should('have.length', 3);",
              "err": {},
              "uuid": "487eb5b7-0b56-48a9-8d79-d63ada00fde4",
              "parentUUID": "e484d19c-4fc2-4240-a439-ef218c7b51f1",
              "isHook": false,
              "skipped": false
            },
            {
              "title": "nextUntil() to get all of the next sibling DOM elements within elements until another element",
              "fullTitle": "Traversing DOM elements in Cypress nextUntil() to get all of the next sibling DOM elements within elements until another element",
              "timedOut": null,
              "duration": 178,
              "state": "passed",
              "speed": "fast",
              "pass": true,
              "fail": false,
              "pending": false,
              "context": null,
              "code": "cy.get('#coffee').nextUntil('#milk');",
              "err": {},
              "uuid": "a48d08d2-af0a-4372-bb9a-45985e9461f6",
              "parentUUID": "e484d19c-4fc2-4240-a439-ef218c7b51f1",
              "isHook": false,
              "skipped": false
            },
            {
              "title": "not() to remove DOM element(s) from the set of elements",
              "fullTitle": "Traversing DOM elements in Cypress not() to remove DOM element(s) from the set of elements",
              "timedOut": null,
              "duration": 175,
              "state": "passed",
              "speed": "fast",
              "pass": true,
              "fail": false,
              "pending": false,
              "context": null,
              "code": "cy.get('.traversal-button-states > button').not('.disabled').should('not.have.class', 'disabled');",
              "err": {},
              "uuid": "9ce3ade3-e7c7-4fc9-a8dc-a587f5538327",
              "parentUUID": "e484d19c-4fc2-4240-a439-ef218c7b51f1",
              "isHook": false,
              "skipped": false
            },
            {
              "title": "parent() To get parent DOM element of elements",
              "fullTitle": "Traversing DOM elements in Cypress parent() To get parent DOM element of elements",
              "timedOut": null,
              "duration": 192,
              "state": "passed",
              "speed": "fast",
              "pass": true,
              "fail": false,
              "pending": false,
              "context": null,
              "code": "cy.get('.traversal-mark').parent().should('contain', 'Lorem ipsum dolor sit amet');",
              "err": {},
              "uuid": "24962be8-079d-4783-a8f4-815d132b37ae",
              "parentUUID": "e484d19c-4fc2-4240-a439-ef218c7b51f1",
              "isHook": false,
              "skipped": false
            },
            {
              "title": "parents() to get parents DOM element of elements",
              "fullTitle": "Traversing DOM elements in Cypress parents() to get parents DOM element of elements",
              "timedOut": null,
              "duration": 202,
              "state": "passed",
              "speed": "fast",
              "pass": true,
              "fail": false,
              "pending": false,
              "context": null,
              "code": "cy.get('.traversal-cite').parents().should('match', 'blockquote');",
              "err": {},
              "uuid": "5b7b88dd-a15f-45a0-aaaa-46689b772662",
              "parentUUID": "e484d19c-4fc2-4240-a439-ef218c7b51f1",
              "isHook": false,
              "skipped": false
            },
            {
              "title": "prev() to get the previous sibling DOM element within elements",
              "fullTitle": "Traversing DOM elements in Cypress prev() to get the previous sibling DOM element within elements",
              "timedOut": null,
              "duration": 173,
              "state": "passed",
              "speed": "fast",
              "pass": true,
              "fail": false,
              "pending": false,
              "context": null,
              "code": "cy.get('#sugar').prev().contains('Espresso');",
              "err": {},
              "uuid": "d06f0d10-c4d7-4709-80ab-3a3eac1a4967",
              "parentUUID": "e484d19c-4fc2-4240-a439-ef218c7b51f1",
              "isHook": false,
              "skipped": false
            },
            {
              "title": "prevAll() to get all previous sibling DOM elements within elements",
              "fullTitle": "Traversing DOM elements in Cypress prevAll() to get all previous sibling DOM elements within elements",
              "timedOut": null,
              "duration": 182,
              "state": "passed",
              "speed": "fast",
              "pass": true,
              "fail": false,
              "pending": false,
              "context": null,
              "code": "cy.get('.sales').prevAll().should('have.length', 2);",
              "err": {},
              "uuid": "d2a6173f-69c7-453d-86a3-d4ce7563727b",
              "parentUUID": "e484d19c-4fc2-4240-a439-ef218c7b51f1",
              "isHook": false,
              "skipped": false
            },
            {
              "title": "prevUntil() to get all previous sibling DOM elements within elements until other element",
              "fullTitle": "Traversing DOM elements in Cypress prevUntil() to get all previous sibling DOM elements within elements until other element",
              "timedOut": null,
              "duration": 199,
              "state": "passed",
              "speed": "fast",
              "pass": true,
              "fail": false,
              "pending": false,
              "context": null,
              "code": "cy.get('#veggie').prevUntil('#fruits').should('have.length', 5);",
              "err": {},
              "uuid": "80148132-003a-4efa-bdc9-c844b3017132",
              "parentUUID": "e484d19c-4fc2-4240-a439-ef218c7b51f1",
              "isHook": false,
              "skipped": false
            },
            {
              "title": "siblings() To get all sibling DOM elements of elements",
              "fullTitle": "Traversing DOM elements in Cypress siblings() To get all sibling DOM elements of elements",
              "timedOut": null,
              "duration": 185,
              "state": "passed",
              "speed": "fast",
              "pass": true,
              "fail": false,
              "pending": false,
              "context": null,
              "code": "cy.get('.traversal-button-other-states .active').siblings().should('have.length', 3);",
              "err": {},
              "uuid": "640f6a9e-357f-4721-a991-c24f3b5a142d",
              "parentUUID": "e484d19c-4fc2-4240-a439-ef218c7b51f1",
              "isHook": false,
              "skipped": false
            }
          ],
          "suites": [],
          "passes": [
            "6d3aa9b7-9856-4896-b34b-3079de747213",
            "b543762a-cf2e-49bc-96bc-fac2e29a23d5",
            "d0e17b38-3797-479a-8014-7522a785110c",
            "1d5a96d0-1f80-44d6-b8c8-3d5fe48a2fae",
            "952d7bfb-ad49-4c2d-beb1-59e3135b891b",
            "408f1a49-26b9-468b-963d-cf6a075d2926",
            "7552300b-bc6e-486e-b4dd-a158db65364e",
            "487eb5b7-0b56-48a9-8d79-d63ada00fde4",
            "a48d08d2-af0a-4372-bb9a-45985e9461f6",
            "9ce3ade3-e7c7-4fc9-a8dc-a587f5538327",
            "24962be8-079d-4783-a8f4-815d132b37ae",
            "5b7b88dd-a15f-45a0-aaaa-46689b772662",
            "d06f0d10-c4d7-4709-80ab-3a3eac1a4967",
            "d2a6173f-69c7-453d-86a3-d4ce7563727b",
            "80148132-003a-4efa-bdc9-c844b3017132",
            "640f6a9e-357f-4721-a991-c24f3b5a142d"
          ],
          "failures": [],
          "pending": [],
          "skipped": [],
          "duration": 3848,
          "root": false,
          "rootEmpty": false,
          "_timeout": 2000
        }
      ],
      "passes": [],
      "failures": [],
      "pending": [],
      "skipped": [],
      "duration": 0,
      "root": true,
      "rootEmpty": true,
      "_timeout": 2000
    }
  ],
  "meta": {
    "mocha": {
      "version": "7.0.1"
    },
    "mochawesome": {
      "options": {
        "quiet": false,
        "reportFilename": "mochawesome",
        "saveHtml": false,
        "saveJson": true,
        "consoleReporter": "spec",
        "useInlineDiffs": false,
        "code": true
      },
      "version": "7.1.3"
    },
    "marge": {
      "options": {
        "id": "default",
        "reportDir": "cypress/results/mochawesome",
        "quite": true,
        "overwrite": false,
        "html": false,
        "json": true
      },
      "version": "6.2.0"
    }
  }
}