{
  "stats": {
    "suites": 1,
    "tests": 4,
    "passes": 4,
    "pending": 0,
    "failures": 0,
    "start": "2024-03-01T16:20:05.656Z",
    "end": "2024-03-01T16:20:10.171Z",
    "duration": 4515,
    "testsRegistered": 4,
    "passPercent": 100,
    "pendingPercent": 0,
    "other": 0,
    "hasOther": false,
    "skipped": 0,
    "hasSkipped": false
  },
  "results": [
    {
      "uuid": "1bb2574d-4026-4c7f-99fa-995bdb49fe00",
      "title": "",
      "fullFile": "cypress\\e2e\\AutomationTestStore\\iterate-over-elements.js",
      "file": "cypress\\e2e\\AutomationTestStore\\iterate-over-elements.js",
      "beforeHooks": [],
      "afterHooks": [],
      "tests": [],
      "suites": [
        {
          "uuid": "711a4c6a-6e11-404e-bce2-ccc6e014f10a",
          "title": "Iterate over element ",
          "fullFile": "",
          "file": "",
          "beforeHooks": [],
          "afterHooks": [],
          "tests": [
            {
              "title": "Log information of all hair care products ",
              "fullTitle": "Iterate over element  Log information of all hair care products ",
              "timedOut": null,
              "duration": 904,
              "state": "passed",
              "speed": "fast",
              "pass": true,
              "fail": false,
              "pending": false,
              "context": null,
              "code": "cy.get(\".fixed_wrapper .prdocutname\").each(($el, index, $list) => {\n  cy.log(\"Index:\" + index + \" : \" + $el.text());\n});",
              "err": {},
              "uuid": "220e0203-eb32-49e4-863e-56d04b00a369",
              "parentUUID": "711a4c6a-6e11-404e-bce2-ccc6e014f10a",
              "isHook": false,
              "skipped": false
            },
            {
              "title": "Add specific product to basket",
              "fullTitle": "Iterate over element  Add specific product to basket",
              "timedOut": null,
              "duration": 690,
              "state": "passed",
              "speed": "fast",
              "pass": true,
              "fail": false,
              "pending": false,
              "context": null,
              "code": "//    cy.get('.fixed_wrapper .prdocutname').each(($el, index, $list)=> {\n//     if($el.text().includes('Curls to straight Shampoo')) {\n//         cy.wrap($el).click()\n//     }\n// })\ncy.selectProduct(\"Curls to straight Shampoo\");",
              "err": {},
              "uuid": "b65fcee8-ec5d-404a-8929-e82e4c5348b7",
              "parentUUID": "711a4c6a-6e11-404e-bce2-ccc6e014f10a",
              "isHook": false,
              "skipped": false
            },
            {
              "title": "Add another specific product to basket2",
              "fullTitle": "Iterate over element  Add another specific product to basket2",
              "timedOut": null,
              "duration": 759,
              "state": "passed",
              "speed": "fast",
              "pass": true,
              "fail": false,
              "pending": false,
              "context": null,
              "code": "cy.selectProduct(\"Seaweed Conditioner\");",
              "err": {},
              "uuid": "3f25c645-5269-4a22-a678-02ba27796f09",
              "parentUUID": "711a4c6a-6e11-404e-bce2-ccc6e014f10a",
              "isHook": false,
              "skipped": false
            },
            {
              "title": "Add another specific product to basket3",
              "fullTitle": "Iterate over element  Add another specific product to basket3",
              "timedOut": null,
              "duration": 1105,
              "state": "passed",
              "speed": "fast",
              "pass": true,
              "fail": false,
              "pending": false,
              "context": null,
              "code": "cy.selectProduct(\"Eau Parfumee au The Vert Shampoo\");",
              "err": {},
              "uuid": "679bf703-d766-4acb-9373-636e80322227",
              "parentUUID": "711a4c6a-6e11-404e-bce2-ccc6e014f10a",
              "isHook": false,
              "skipped": false
            }
          ],
          "suites": [],
          "passes": [
            "220e0203-eb32-49e4-863e-56d04b00a369",
            "b65fcee8-ec5d-404a-8929-e82e4c5348b7",
            "3f25c645-5269-4a22-a678-02ba27796f09",
            "679bf703-d766-4acb-9373-636e80322227"
          ],
          "failures": [],
          "pending": [],
          "skipped": [],
          "duration": 3458,
          "root": false,
          "rootEmpty": false,
          "_timeout": 2000
        }
      ],
      "passes": [],
      "failures": [],
      "pending": [],
      "skipped": [],
      "duration": 0,
      "root": true,
      "rootEmpty": true,
      "_timeout": 2000
    }
  ],
  "meta": {
    "mocha": {
      "version": "7.0.1"
    },
    "mochawesome": {
      "options": {
        "quiet": false,
        "reportFilename": "mochawesome",
        "saveHtml": false,
        "saveJson": true,
        "consoleReporter": "spec",
        "useInlineDiffs": false,
        "code": true
      },
      "version": "7.1.3"
    },
    "marge": {
      "options": {
        "id": "default",
        "reportDir": "cypress/results/mochawesome",
        "quite": true,
        "overwrite": false,
        "html": false,
        "json": true
      },
      "version": "6.2.0"
    }
  }
}