{
  "stats": {
    "suites": 1,
    "tests": 1,
    "passes": 1,
    "pending": 0,
    "failures": 0,
    "start": "2024-03-01T16:19:47.637Z",
    "end": "2024-03-01T16:19:51.202Z",
    "duration": 3565,
    "testsRegistered": 1,
    "passPercent": 100,
    "pendingPercent": 0,
    "other": 0,
    "hasOther": false,
    "skipped": 0,
    "hasSkipped": false
  },
  "results": [
    {
      "uuid": "1e445e89-7b35-412d-ab8d-7c943a9e28d5",
      "title": "",
      "fullFile": "cypress\\e2e\\AutomationTestStore\\add-multiple-items -to-basket.js",
      "file": "cypress\\e2e\\AutomationTestStore\\add-multiple-items -to-basket.js",
      "beforeHooks": [],
      "afterHooks": [],
      "tests": [],
      "suites": [
        {
          "uuid": "c33e5ab2-84f0-4451-89e5-503c980edecf",
          "title": "Add multiple items to basket ",
          "fullFile": "",
          "file": "",
          "beforeHooks": [],
          "afterHooks": [],
          "tests": [
            {
              "title": "Add specific items to basket",
              "fullTitle": "Add multiple items to basket  Add specific items to basket",
              "timedOut": null,
              "duration": 2036,
              "state": "passed",
              "speed": "fast",
              "pass": true,
              "fail": false,
              "pending": false,
              "context": null,
              "code": "_AutoStore_HairCare_PO.onAutoStore_HoirCare_PO.addHairCareProductToBasket();",
              "err": {},
              "uuid": "1dda1114-8572-4479-82d9-3e0af5ac14f8",
              "parentUUID": "c33e5ab2-84f0-4451-89e5-503c980edecf",
              "isHook": false,
              "skipped": false
            }
          ],
          "suites": [],
          "passes": [
            "1dda1114-8572-4479-82d9-3e0af5ac14f8"
          ],
          "failures": [],
          "pending": [],
          "skipped": [],
          "duration": 2036,
          "root": false,
          "rootEmpty": false,
          "_timeout": 2000
        }
      ],
      "passes": [],
      "failures": [],
      "pending": [],
      "skipped": [],
      "duration": 0,
      "root": true,
      "rootEmpty": true,
      "_timeout": 2000
    }
  ],
  "meta": {
    "mocha": {
      "version": "7.0.1"
    },
    "mochawesome": {
      "options": {
        "quiet": false,
        "reportFilename": "mochawesome",
        "saveHtml": false,
        "saveJson": true,
        "consoleReporter": "spec",
        "useInlineDiffs": false,
        "code": true
      },
      "version": "7.1.3"
    },
    "marge": {
      "options": {
        "id": "default",
        "reportDir": "cypress/results/mochawesome",
        "quite": true,
        "overwrite": false,
        "html": false,
        "json": true
      },
      "version": "6.2.0"
    }
  }
}